2023-05-14 02:56:12 - server - "C:\Users\User\PycharmProjects\Socializing\main.py:22" - <module> - INFO - 啟動伺服器 Document：http://127.0.0.1:12345/docs

2023-05-14 02:56:41 - server - "C:\Users\User\PycharmProjects\Socializing\main.py:20" - <module> - INFO - 啟動伺服器 Document：http://127.0.0.1:12345/docs

2023-05-14 02:59:11 - server - "C:\Users\User\PycharmProjects\Socializing\main.py:20" - <module> - INFO - 正在啟動伺服器...

2023-05-14 03:02:20 - server - "C:\Users\User\PycharmProjects\Socializing\main.py:20" - <module> - INFO - 正在啟動伺服器...

2023-05-14 03:07:23 - server - "C:\Users\User\PycharmProjects\Socializing\main.py:20" - <module> - INFO - 正在啟動伺服器...
2023-05-14 03:07:23 - server - "C:\Users\User\PycharmProjects\Socializing\main.py:21" - <module> - DEBUG - Document：http://127.0.0.1:12345/docs

2023-05-14 03:10:49 - server - "C:\Users\User\PycharmProjects\Socializing\main.py:20" - <module> - INFO - 正在啟動伺服器...

2023-05-14 03:11:27 - server - "C:\Users\User\PycharmProjects\Socializing\main.py:20" - <module> - INFO - 正在啟動伺服器...

2023-05-14 03:24:21 - server - "C:\Users\User\PycharmProjects\Socializing\core\webdriver.py:26" - create_webdriver - INFO - 正在啟動裝置 1
2023-05-14 03:24:21 - server - "C:\Users\User\PycharmProjects\Socializing\core\webdriver.py:27" - create_webdriver - DEBUG - 正在啟動裝置 1
2023-05-14 03:24:21 - server - "C:\Users\User\PycharmProjects\Socializing\core\webdriver.py:28" - create_webdriver - CRITICAL - 正在啟動裝置 1

2023-05-14 03:25:53 - server - "C:\Users\User\PycharmProjects\Socializing\core\webdriver.py:26" - create_webdriver - INFO - 正在啟動裝置 1
2023-05-14 03:25:53 - server - "C:\Users\User\PycharmProjects\Socializing\core\webdriver.py:27" - create_webdriver - DEBUG - 正在啟動裝置 1
2023-05-14 03:25:53 - server - "C:\Users\User\PycharmProjects\Socializing\core\webdriver.py:28" - create_webdriver - CRITICAL - 正在啟動裝置 1

2023-05-14 03:26:06 - server - "C:\Users\User\PycharmProjects\Socializing\core\webdriver.py:26" - create_webdriver - INFO - 正在啟動裝置 1
2023-05-14 03:26:06 - server - "C:\Users\User\PycharmProjects\Socializing\core\webdriver.py:27" - create_webdriver - DEBUG - 正在啟動裝置 1
2023-05-14 03:26:06 - server - "C:\Users\User\PycharmProjects\Socializing\core\webdriver.py:28" - create_webdriver - CRITICAL - 正在啟動裝置 1

2023-05-14 03:36:14 - server - "C:\Users\User\PycharmProjects\Socializing\core\webdriver.py:26" - create_webdriver - INFO - 正在啟動裝置 1

2023-05-14 03:38:29 - server - "C:\Users\User\PycharmProjects\Socializing\core\webdriver.py:26" - create_webdriver - INFO - 正在啟動裝置 1

2023-05-14 03:38:43 - server - "C:\Users\User\PycharmProjects\Socializing\core\webdriver.py:26" - create_webdriver - INFO - 正在啟動裝置 1

2023-05-14 03:38:59 - server - "C:\Users\User\PycharmProjects\Socializing\core\webdriver.py:26" - create_webdriver - INFO - 正在啟動裝置 1

2023-05-14 03:39:47 - server - "C:\Users\User\PycharmProjects\Socializing\core\webdriver.py:26" - create_webdriver - INFO - 正在啟動裝置 1

2023-05-14 03:39:52 - server - "C:\Users\User\PycharmProjects\Socializing\core\webdriver.py:26" - create_webdriver - INFO - 正在啟動裝置 1

2023-05-14 04:17:18 - server - "C:\Users\User\PycharmProjects\Socializing\core\webdriver.py:26" - create_webdriver - INFO - 正在啟動裝置 1

2023-05-14 04:17:26 - server - "C:\Users\User\PycharmProjects\Socializing\core\webdriver.py:26" - create_webdriver - INFO - 正在啟動裝置 1

2023-05-14 04:17:51 - server - "C:\Users\User\PycharmProjects\Socializing\core\webdriver.py:26" - create_webdriver - INFO - 正在啟動裝置 1

2023-05-14 04:18:06 - server - "C:\Users\User\PycharmProjects\Socializing\core\webdriver.py:26" - create_webdriver - INFO - 正在啟動裝置 1

2023-05-14 04:18:26 - server - "C:\Users\User\PycharmProjects\Socializing\core\webdriver.py:26" - create_webdriver - INFO - 正在啟動裝置 1

2023-05-14 04:20:35 - server - "C:\Users\User\PycharmProjects\Socializing\core\webdriver.py:26" - create_webdriver - INFO - 正在啟動裝置 1

2023-05-14 04:20:52 - server - "C:\Users\User\PycharmProjects\Socializing\core\webdriver.py:26" - create_webdriver - INFO - 正在啟動裝置 1

2023-05-14 04:23:12 - server - "C:\Users\User\PycharmProjects\Socializing\core\webdriver.py:26" - create_webdriver - INFO - 正在啟動裝置 1

2023-05-14 04:23:43 - server - "C:\Users\User\PycharmProjects\Socializing\core\webdriver.py:26" - create_webdriver - INFO - 正在啟動裝置 1

2023-05-14 04:24:06 - server - "C:\Users\User\PycharmProjects\Socializing\core\webdriver.py:26" - create_webdriver - INFO - 正在啟動裝置 1

2023-05-14 04:24:59 - server - "C:\Users\User\PycharmProjects\Socializing\core\webdriver.py:26" - create_webdriver - INFO - 正在啟動裝置 1

2023-05-14 04:25:25 - server - "C:\Users\User\PycharmProjects\Socializing\core\webdriver.py:26" - create_webdriver - INFO - 正在啟動裝置 1

2023-05-14 04:25:53 - server - "C:\Users\User\PycharmProjects\Socializing\core\webdriver.py:26" - create_webdriver - INFO - 正在啟動裝置 1

2023-05-14 04:25:55 - server - "<string>:3" - test - INFO - 123456789

2023-05-14 04:30:58 - server - "C:\Users\User\PycharmProjects\Socializing\core\webdriver.py:28" - create_webdriver - INFO - 正在啟動裝置 1

2023-05-14 04:31:22 - server - "C:\Users\User\PycharmProjects\Socializing\core\webdriver.py:28" - create_webdriver - INFO - 正在啟動裝置 1

2023-05-14 04:53:38 - server - "C:\Users\User\PycharmProjects\Socializing\core\webdriver.py:28" - create_webdriver - INFO - 正在啟動裝置 1

2023-05-14 04:53:58 - server - "C:\Users\User\PycharmProjects\Socializing\core\webdriver.py:28" - create_webdriver - INFO - 正在啟動裝置 1

2023-05-14 04:54:13 - server - "C:\Users\User\PycharmProjects\Socializing\core\webdriver.py:28" - create_webdriver - INFO - 正在啟動裝置 1

2023-05-14 04:54:33 - server - "C:\Users\User\PycharmProjects\Socializing\core\webdriver.py:28" - create_webdriver - INFO - 正在啟動裝置 1

2023-05-14 04:54:46 - server - "C:\Users\User\PycharmProjects\Socializing\core\webdriver.py:28" - create_webdriver - INFO - 正在啟動裝置 1

2023-05-14 04:54:57 - server - "C:\Users\User\PycharmProjects\Socializing\core\webdriver.py:28" - create_webdriver - INFO - 正在啟動裝置 1

2023-05-14 04:54:58 - server - "C:\Users\User\PycharmProjects\Socializing\core\webdriver.py:17" - log - INFO - Index:1 | Message:Starting Chrome

2023-05-14 04:55:28 - server - "C:\Users\User\PycharmProjects\Socializing\core\webdriver.py:28" - create_webdriver - INFO - 正在啟動裝置 1

2023-05-14 04:55:39 - server - "C:\Users\User\PycharmProjects\Socializing\core\webdriver.py:28" - create_webdriver - INFO - 正在啟動裝置 1

2023-05-14 04:56:02 - server - "C:\Users\User\PycharmProjects\Socializing\core\webdriver.py:28" - create_webdriver - INFO - 正在啟動裝置 1

2023-05-14 04:58:12 - server - "C:\Users\User\PycharmProjects\Socializing\core\webdriver.py:28" - create_webdriver - INFO - 正在啟動裝置 1

2023-05-14 04:58:28 - server - "C:\Users\User\PycharmProjects\Socializing\core\webdriver.py:28" - create_webdriver - INFO - 正在啟動裝置 1

2023-05-14 04:59:21 - server - "C:\Users\User\PycharmProjects\Socializing\core\webdriver.py:28" - create_webdriver - INFO - 正在啟動裝置 1

2023-05-14 05:00:11 - server - "C:\Users\User\PycharmProjects\Socializing\core\webdriver.py:28" - create_webdriver - INFO - 正在啟動裝置 1

2023-05-14 05:00:33 - server - "C:\Users\User\PycharmProjects\Socializing\core\webdriver.py:28" - create_webdriver - INFO - 正在啟動裝置 1

2023-05-14 05:00:53 - server - "C:\Users\User\PycharmProjects\Socializing\core\webdriver.py:28" - create_webdriver - INFO - 正在啟動裝置 1

2023-05-14 05:02:14 - server - "C:\Users\User\PycharmProjects\Socializing\core\webdriver.py:28" - create_webdriver - INFO - 正在啟動裝置 1

2023-05-14 05:02:29 - server - "C:\Users\User\PycharmProjects\Socializing\core\webdriver.py:28" - create_webdriver - INFO - 正在啟動裝置 1

2023-05-14 05:03:11 - server - "C:\Users\User\PycharmProjects\Socializing\core\webdriver.py:28" - create_webdriver - INFO - 正在啟動裝置 1

2023-05-14 05:04:59 - server - "C:\Users\User\PycharmProjects\Socializing\core\webdriver.py:28" - create_webdriver - INFO - 正在啟動裝置 1

2023-05-14 05:06:02 - server - "C:\Users\User\PycharmProjects\Socializing\core\webdriver.py:28" - create_webdriver - INFO - 正在啟動裝置 1

2023-05-14 05:06:59 - server - "C:\Users\User\PycharmProjects\Socializing\core\webdriver.py:28" - create_webdriver - INFO - 正在啟動裝置 1

2023-05-14 05:11:16 - server - "C:\Users\User\PycharmProjects\Socializing\core\webdriver.py:28" - create_webdriver - INFO - 正在啟動裝置 1

2023-05-14 05:11:33 - server - "C:\Users\User\PycharmProjects\Socializing\core\webdriver.py:28" - create_webdriver - INFO - 正在啟動裝置 1

2023-05-14 05:11:52 - server - "C:\Users\User\PycharmProjects\Socializing\core\webdriver.py:28" - create_webdriver - INFO - 正在啟動裝置 1

2023-05-14 05:12:07 - server - "C:\Users\User\PycharmProjects\Socializing\core\webdriver.py:28" - create_webdriver - INFO - 正在啟動裝置 1

2023-05-14 05:12:25 - server - "C:\Users\User\PycharmProjects\Socializing\core\webdriver.py:28" - create_webdriver - INFO - 正在啟動裝置 1

2023-05-14 05:13:15 - server - "C:\Users\User\PycharmProjects\Socializing\core\webdriver.py:28" - create_webdriver - INFO - 正在啟動裝置 1

2023-05-14 05:13:43 - server - "C:\Users\User\PycharmProjects\Socializing\core\webdriver.py:28" - create_webdriver - INFO - 正在啟動裝置 1

2023-05-14 05:14:39 - server - "C:\Users\User\PycharmProjects\Socializing\core\webdriver.py:28" - create_webdriver - INFO - 正在啟動裝置 1

2023-05-14 05:15:14 - server - "C:\Users\User\PycharmProjects\Socializing\core\webdriver.py:28" - create_webdriver - INFO - 正在啟動裝置 1

2023-05-14 05:15:57 - server - "C:\Users\User\PycharmProjects\Socializing\core\webdriver.py:28" - create_webdriver - INFO - 正在啟動裝置 1

2023-05-14 05:16:05 - server - "C:\Users\User\PycharmProjects\Socializing\core\webdriver.py:17" - log - INFO - Index:1 | Message:unexpected indent (<string>, line 2)

2023-05-14 05:16:48 - server - "C:\Users\User\PycharmProjects\Socializing\core\webdriver.py:28" - create_webdriver - INFO - 正在啟動裝置 1

2023-05-14 05:17:42 - server - "C:\Users\User\PycharmProjects\Socializing\core\webdriver.py:28" - create_webdriver - INFO - 正在啟動裝置 1

2023-05-14 05:21:13 - server - "C:\Users\User\PycharmProjects\Socializing\core\webdriver.py:28" - create_webdriver - INFO - 正在啟動裝置 1

2023-05-14 05:22:14 - server - "C:\Users\User\PycharmProjects\Socializing\core\webdriver.py:17" - log - INFO - Index:1 | Message:unindent does not match any outer indentation level (<string>, line 4)

2023-05-14 05:23:06 - server - "C:\Users\User\PycharmProjects\Socializing\core\webdriver.py:28" - create_webdriver - INFO - 正在啟動裝置 1

2023-05-14 05:24:14 - server - "C:\Users\User\PycharmProjects\Socializing\core\webdriver.py:28" - create_webdriver - INFO - 正在啟動裝置 1

2023-05-14 05:24:33 - server - "C:\Users\User\PycharmProjects\Socializing\core\webdriver.py:28" - create_webdriver - INFO - 正在啟動裝置 1

2023-05-14 05:24:51 - server - "C:\Users\User\PycharmProjects\Socializing\core\webdriver.py:17" - log - INFO - Index:1 | Message:invalid syntax (<string>, line 1)

2023-05-14 05:24:58 - server - "C:\Users\User\PycharmProjects\Socializing\core\webdriver.py:28" - create_webdriver - INFO - 正在啟動裝置 1

2023-05-14 05:25:12 - server - "C:\Users\User\PycharmProjects\Socializing\core\webdriver.py:17" - log - INFO - Index:1 | Message:invalid syntax (<string>, line 1)

2023-05-14 05:25:49 - server - "C:\Users\User\PycharmProjects\Socializing\core\webdriver.py:28" - create_webdriver - INFO - 正在啟動裝置 1
2023-05-14 05:25:50 - server - "C:\Users\User\PycharmProjects\Socializing\core\webdriver.py:17" - log - INFO - Index:1 | Message:Expecting value: line 1 column 1 (char 0)

2023-05-14 05:26:07 - server - "C:\Users\User\PycharmProjects\Socializing\core\webdriver.py:17" - log - INFO - Index:1 | Message:invalid syntax (<string>, line 1)

2023-05-14 05:26:47 - server - "C:\Users\User\PycharmProjects\Socializing\core\webdriver.py:28" - create_webdriver - INFO - 正在啟動裝置 1

2023-05-14 05:27:40 - server - "C:\Users\User\PycharmProjects\Socializing\core\webdriver.py:28" - create_webdriver - INFO - 正在啟動裝置 1

2023-05-14 05:28:14 - server - "C:\Users\User\PycharmProjects\Socializing\core\webdriver.py:28" - create_webdriver - INFO - 正在啟動裝置 1

2023-05-14 05:28:31 - server - "C:\Users\User\PycharmProjects\Socializing\core\webdriver.py:28" - create_webdriver - INFO - 正在啟動裝置 1

2023-05-14 05:28:44 - server - "C:\Users\User\PycharmProjects\Socializing\core\webdriver.py:28" - create_webdriver - INFO - 正在啟動裝置 1

2023-05-14 05:29:12 - server - "C:\Users\User\PycharmProjects\Socializing\core\webdriver.py:17" - log - INFO - Index:1 | Message:Expecting value: line 1 column 1 (char 0)

2023-05-14 05:29:16 - server - "C:\Users\User\PycharmProjects\Socializing\core\webdriver.py:17" - log - INFO - Index:1 | Message:invalid syntax (<string>, line 1)

2023-05-14 05:29:37 - server - "C:\Users\User\PycharmProjects\Socializing\core\webdriver.py:28" - create_webdriver - INFO - 正在啟動裝置 1

2023-05-14 05:29:39 - server - "C:\Users\User\PycharmProjects\Socializing\core\webdriver.py:17" - log - INFO - Index:1 | Message:Expecting value: line 1 column 1 (char 0)
2023-05-14 05:29:39 - server - "C:\Users\User\PycharmProjects\Socializing\core\webdriver.py:17" - log - INFO - Index:1 | Message:invalid syntax (<string>, line 1)

2023-05-14 05:31:11 - server - "C:\Users\User\PycharmProjects\Socializing\core\webdriver.py:34" - create_webdriver - INFO - 正在啟動裝置 1

2023-05-14 05:31:19 - server - "C:\Users\User\PycharmProjects\Socializing\core\webdriver.py:34" - create_webdriver - INFO - 正在啟動裝置 1

2023-05-14 05:31:20 - server - "C:\Users\User\PycharmProjects\Socializing\core\webdriver.py:23" - log_error - ERROR - Index:1 | Message:Expecting value: line 1 column 1 (char 0)
2023-05-14 05:31:20 - server - "C:\Users\User\PycharmProjects\Socializing\core\webdriver.py:23" - log_error - ERROR - Index:1 | Message:invalid syntax (<string>, line 1)

2023-05-14 05:32:34 - server - "C:\Users\User\PycharmProjects\Socializing\core\webdriver.py:34" - create_webdriver - INFO - 正在啟動裝置 1

2023-05-14 05:32:35 - server - "C:\Users\User\PycharmProjects\Socializing\core\webdriver.py:43" - create_webdriver - ERROR - Expecting value: line 1 column 1 (char 0)
Traceback (most recent call last):
  File "C:\Users\User\PycharmProjects\Socializing\core\webdriver.py", line 41, in create_webdriver
    return uc.Chrome(**kwargs)
  File "C:\Users\User\PycharmProjects\Socializing\venv\lib\site-packages\undetected_chromedriver\__init__.py", line 391, in __init__
    options.handle_prefs(user_data_dir)
  File "C:\Users\User\PycharmProjects\Socializing\venv\lib\site-packages\undetected_chromedriver\options.py", line 73, in handle_prefs
    undot_prefs = self._merge_nested(json.load(f), undot_prefs)
  File "C:\Users\User\AppData\Local\Programs\Python\Python39\lib\json\__init__.py", line 293, in load
    return loads(fp.read(),
  File "C:\Users\User\AppData\Local\Programs\Python\Python39\lib\json\__init__.py", line 346, in loads
    return _default_decoder.decode(s)
  File "C:\Users\User\AppData\Local\Programs\Python\Python39\lib\json\decoder.py", line 337, in decode
    obj, end = self.raw_decode(s, idx=_w(s, 0).end())
  File "C:\Users\User\AppData\Local\Programs\Python\Python39\lib\json\decoder.py", line 355, in raw_decode
    raise JSONDecodeError("Expecting value", s, err.value) from None
json.decoder.JSONDecodeError: Expecting value: line 1 column 1 (char 0)
2023-05-14 05:32:35 - server - "C:\Users\User\PycharmProjects\Socializing\core\webdriver.py:23" - log_error - ERROR - Index:1 | Message:invalid syntax (<string>, line 1)

2023-05-14 05:32:55 - server - "C:\Users\User\PycharmProjects\Socializing\core\webdriver.py:34" - create_webdriver - INFO - 正在啟動裝置 1

2023-05-14 05:32:56 - server - "C:\Users\User\PycharmProjects\Socializing\core\webdriver.py:43" - create_webdriver - CRITICAL - Expecting value: line 1 column 1 (char 0)
2023-05-14 05:32:56 - server - "C:\Users\User\PycharmProjects\Socializing\core\webdriver.py:23" - log_error - ERROR - Index:1 | Message:invalid syntax (<string>, line 1)

2023-05-14 05:33:04 - server - "C:\Users\User\PycharmProjects\Socializing\core\webdriver.py:34" - create_webdriver - INFO - 正在啟動裝置 1

2023-05-14 05:33:04 - server - "C:\Users\User\PycharmProjects\Socializing\core\webdriver.py:43" - create_webdriver - ERROR - Expecting value: line 1 column 1 (char 0)
Traceback (most recent call last):
  File "C:\Users\User\PycharmProjects\Socializing\core\webdriver.py", line 41, in create_webdriver
    return uc.Chrome(**kwargs)
  File "C:\Users\User\PycharmProjects\Socializing\venv\lib\site-packages\undetected_chromedriver\__init__.py", line 391, in __init__
    options.handle_prefs(user_data_dir)
  File "C:\Users\User\PycharmProjects\Socializing\venv\lib\site-packages\undetected_chromedriver\options.py", line 73, in handle_prefs
    undot_prefs = self._merge_nested(json.load(f), undot_prefs)
  File "C:\Users\User\AppData\Local\Programs\Python\Python39\lib\json\__init__.py", line 293, in load
    return loads(fp.read(),
  File "C:\Users\User\AppData\Local\Programs\Python\Python39\lib\json\__init__.py", line 346, in loads
    return _default_decoder.decode(s)
  File "C:\Users\User\AppData\Local\Programs\Python\Python39\lib\json\decoder.py", line 337, in decode
    obj, end = self.raw_decode(s, idx=_w(s, 0).end())
  File "C:\Users\User\AppData\Local\Programs\Python\Python39\lib\json\decoder.py", line 355, in raw_decode
    raise JSONDecodeError("Expecting value", s, err.value) from None
json.decoder.JSONDecodeError: Expecting value: line 1 column 1 (char 0)
2023-05-14 05:33:04 - server - "C:\Users\User\PycharmProjects\Socializing\core\webdriver.py:23" - log_error - ERROR - Index:1 | Message:invalid syntax (<string>, line 1)

2023-05-14 05:40:43 - server - "C:\Users\User\PycharmProjects\Socializing\core\webdriver.py:34" - create_webdriver - INFO - 正在啟動裝置 1
2023-05-14 05:40:43 - server - "C:\Users\User\PycharmProjects\Socializing\core\webdriver.py:43" - create_webdriver - ERROR - Expecting value: line 1 column 1 (char 0)
Traceback (most recent call last):
  File "C:\Users\User\PycharmProjects\Socializing\core\webdriver.py", line 41, in create_webdriver
    return uc.Chrome(**kwargs)
  File "C:\Users\User\PycharmProjects\Socializing\venv\lib\site-packages\undetected_chromedriver\__init__.py", line 391, in __init__
    options.handle_prefs(user_data_dir)
  File "C:\Users\User\PycharmProjects\Socializing\venv\lib\site-packages\undetected_chromedriver\options.py", line 73, in handle_prefs
    undot_prefs = self._merge_nested(json.load(f), undot_prefs)
  File "C:\Users\User\AppData\Local\Programs\Python\Python39\lib\json\__init__.py", line 293, in load
    return loads(fp.read(),
  File "C:\Users\User\AppData\Local\Programs\Python\Python39\lib\json\__init__.py", line 346, in loads
    return _default_decoder.decode(s)
  File "C:\Users\User\AppData\Local\Programs\Python\Python39\lib\json\decoder.py", line 337, in decode
    obj, end = self.raw_decode(s, idx=_w(s, 0).end())
  File "C:\Users\User\AppData\Local\Programs\Python\Python39\lib\json\decoder.py", line 355, in raw_decode
    raise JSONDecodeError("Expecting value", s, err.value) from None
json.decoder.JSONDecodeError: Expecting value: line 1 column 1 (char 0)
2023-05-14 05:40:43 - server - "C:\Users\User\PycharmProjects\Socializing\core\webdriver.py:23" - log_error - ERROR - Index:1 | Message:invalid syntax (<string>, line 1)

2023-05-14 05:41:17 - server - "C:\Users\User\PycharmProjects\Socializing\core\webdriver.py:34" - create_webdriver - INFO - 正在啟動裝置 1

2023-05-14 05:41:28 - server - "C:\Users\User\PycharmProjects\Socializing\core\webdriver.py:43" - create_webdriver - ERROR - Expecting value: line 1 column 1 (char 0)
Traceback (most recent call last):
  File "C:\Users\User\PycharmProjects\Socializing\core\webdriver.py", line 41, in create_webdriver
    return uc.Chrome(**kwargs)
  File "C:\Users\User\PycharmProjects\Socializing\venv\lib\site-packages\undetected_chromedriver\__init__.py", line 391, in __init__
    options.handle_prefs(user_data_dir)
  File "C:\Users\User\PycharmProjects\Socializing\venv\lib\site-packages\undetected_chromedriver\options.py", line 73, in handle_prefs
    undot_prefs = self._merge_nested(json.load(f), undot_prefs)
  File "C:\Users\User\AppData\Local\Programs\Python\Python39\lib\json\__init__.py", line 293, in load
    return loads(fp.read(),
  File "C:\Users\User\AppData\Local\Programs\Python\Python39\lib\json\__init__.py", line 346, in loads
    return _default_decoder.decode(s)
  File "C:\Users\User\AppData\Local\Programs\Python\Python39\lib\json\decoder.py", line 337, in decode
    obj, end = self.raw_decode(s, idx=_w(s, 0).end())
  File "C:\Users\User\AppData\Local\Programs\Python\Python39\lib\json\decoder.py", line 355, in raw_decode
    raise JSONDecodeError("Expecting value", s, err.value) from None
json.decoder.JSONDecodeError: Expecting value: line 1 column 1 (char 0)
2023-05-14 05:41:28 - server - "C:\Users\User\PycharmProjects\Socializing\core\webdriver.py:23" - log_error - ERROR - Index:1 | Message:invalid syntax (<string>, line 1)

2023-05-14 05:41:34 - server - "C:\Users\User\PycharmProjects\Socializing\core\webdriver.py:34" - create_webdriver - INFO - 正在啟動裝置 1

2023-05-14 05:41:35 - server - "C:\Users\User\PycharmProjects\Socializing\core\webdriver.py:23" - log_error - ERROR - Index:1 | Message:invalid syntax (<string>, line 1)

2023-05-14 05:41:44 - server - "C:\Users\User\PycharmProjects\Socializing\core\webdriver.py:34" - create_webdriver - INFO - 正在啟動裝置 1

2023-05-14 05:41:54 - server - "C:\Users\User\PycharmProjects\Socializing\core\webdriver.py:23" - log_error - ERROR - Index:1 | Message:invalid syntax (<string>, line 1)

2023-05-14 05:42:13 - server - "C:\Users\User\PycharmProjects\Socializing\core\webdriver.py:34" - create_webdriver - INFO - 正在啟動裝置 1

2023-05-14 05:42:15 - server - "C:\Users\User\PycharmProjects\Socializing\core\webdriver.py:109" - run_script - ERROR - invalid syntax (<string>, line 1)
Traceback (most recent call last):
  File "C:\Users\User\PycharmProjects\Socializing\core\webdriver.py", line 107, in run_script
    exec(script)
  File "<string>", line 1
    ():
       ^
SyntaxError: invalid syntax

2023-05-14 05:43:16 - server - "C:\Users\User\PycharmProjects\Socializing\core\webdriver.py:34" - create_webdriver - INFO - 正在啟動裝置 1

2023-05-14 05:43:43 - server - "C:\Users\User\PycharmProjects\Socializing\core\webdriver.py:34" - create_webdriver - INFO - 正在啟動裝置 1

2023-05-14 05:43:46 - server - "C:\Users\User\PycharmProjects\Socializing\core\webdriver.py:105" - run_script - ERROR - invalid syntax (<string>, line 1)
Traceback (most recent call last):
  File "C:\Users\User\PycharmProjects\Socializing\core\webdriver.py", line 103, in run_script
    exec(script)
  File "<string>", line 1
    ():
       ^
SyntaxError: invalid syntax

2023-05-14 13:18:56 - server - "C:\Users\User\PycharmProjects\Socializing\core\webdriver.py:34" - create_webdriver - INFO - 正在啟動裝置 1

2023-05-14 13:19:02 - server - "C:\Users\User\PycharmProjects\Socializing\core\webdriver.py:105" - run_script - ERROR - invalid syntax (<string>, line 1)
Traceback (most recent call last):
  File "C:\Users\User\PycharmProjects\Socializing\core\webdriver.py", line 103, in run_script
    exec(script)
  File "<string>", line 1
    ():
       ^
SyntaxError: invalid syntax

2023-05-14 13:19:54 - server - "C:\Users\User\PycharmProjects\Socializing\core\webdriver.py:34" - create_webdriver - INFO - 正在啟動裝置 1

2023-05-14 13:20:57 - server - "C:\Users\User\PycharmProjects\Socializing\core\webdriver.py:34" - create_webdriver - INFO - 正在啟動裝置 1

2023-05-14 13:21:20 - server - "C:\Users\User\PycharmProjects\Socializing\core\webdriver.py:105" - run_script - ERROR - 'Webdriver' object has no attribute 'log'
Traceback (most recent call last):
  File "C:\Users\User\PycharmProjects\Socializing\core\webdriver.py", line 103, in run_script
    exec(script)
  File "<string>", line 5, in <module>
AttributeError: 'Webdriver' object has no attribute 'log'

2023-05-25 23:24:11 - server - "C:\Users\User\PycharmProjects\Socializing\main.py:20" - <module> - INFO - 正在啟動伺服器...

2023-05-25 23:24:42 - server - "C:\Users\User\PycharmProjects\Socializing\main.py:20" - <module> - INFO - 正在啟動伺服器...

2023-05-25 23:26:08 - server - "C:\Users\User\PycharmProjects\Socializing\main.py:20" - <module> - INFO - 正在啟動伺服器...

2023-05-25 23:28:39 - server - "C:\Users\User\PycharmProjects\Socializing\main.py:20" - <module> - INFO - 正在啟動伺服器...

2023-05-25 23:30:10 - server - "C:\Users\User\PycharmProjects\Socializing\main.py:20" - <module> - INFO - 正在啟動伺服器...

2023-05-25 23:56:23 - server - "C:\Users\User\PycharmProjects\Socializing\main.py:31" - <module> - INFO - 正在啟動伺服器...

2023-05-26 00:11:58 - server - "C:\Users\User\PycharmProjects\Socializing\main.py:30" - <module> - INFO - 正在啟動伺服器...

2023-05-26 00:13:15 - server - "C:\Users\User\PycharmProjects\Socializing\main.py:28" - <module> - INFO - 正在啟動伺服器...

2023-05-26 00:14:03 - server - "C:\Users\User\PycharmProjects\Socializing\main.py:28" - <module> - INFO - 正在啟動伺服器...

2023-05-26 00:14:31 - server - "C:\Users\User\PycharmProjects\Socializing\main.py:29" - <module> - INFO - 正在啟動伺服器...

2023-05-26 00:14:49 - server - "C:\Users\User\PycharmProjects\Socializing\main.py:29" - <module> - INFO - 正在啟動伺服器...

2023-05-26 00:15:37 - server - "C:\Users\User\PycharmProjects\Socializing\main.py:29" - <module> - INFO - 正在啟動伺服器...

2023-05-26 00:16:06 - server - "C:\Users\User\PycharmProjects\Socializing\main.py:29" - <module> - INFO - 正在啟動伺服器...

2023-05-26 00:26:26 - server - "C:\Users\User\PycharmProjects\Socializing\main.py:30" - <module> - INFO - 正在啟動伺服器...

2023-05-26 00:29:15 - server - "C:\Users\User\PycharmProjects\Socializing\main.py:30" - <module> - INFO - 正在啟動伺服器...

2023-05-26 00:29:41 - server - "C:\Users\User\PycharmProjects\Socializing\main.py:30" - <module> - INFO - 正在啟動伺服器...

2023-05-26 00:51:29 - server - "C:\Users\User\PycharmProjects\Socializing\main.py:30" - <module> - INFO - 正在啟動伺服器...

2023-05-27 17:55:50 - server - "C:\Users\User\PycharmProjects\Socializing\main.py:30" - <module> - INFO - 正在啟動伺服器...

2023-05-27 18:36:03 - server - "C:\Users\User\PycharmProjects\Socializing\main.py:30" - <module> - INFO - 正在啟動伺服器...

2023-06-10 12:43:59 - server - "C:\Users\User\PycharmProjects\Socializing\main.py:30" - <module> - INFO - 正在啟動伺服器...

2023-06-10 12:46:41 - server - "C:\Users\User\PycharmProjects\Socializing\main.py:30" - <module> - INFO - 正在啟動伺服器...

2023-07-11 22:32:45 - server - "C:\Users\User\PycharmProjects\Socializing\main.py:30" - <module> - INFO - 正在啟動伺服器...

2023-07-11 22:33:56 - server - "C:\Users\User\PycharmProjects\Socializing\main.py:30" - <module> - INFO - 正在啟動伺服器...

2023-07-11 23:05:28 - server - "C:\Users\User\PycharmProjects\Socializing\main.py:30" - <module> - INFO - 正在啟動伺服器...

2023-07-11 23:05:41 - server - "C:\Users\User\PycharmProjects\Socializing\main.py:30" - <module> - INFO - 正在啟動伺服器...
2023-07-11 23:05:41 - server - "C:\Users\User\PycharmProjects\Socializing\main.py:31" - <module> - INFO - Document：http://127.0.0.1:34567/docs

2023-07-11 23:20:51 - server - "C:\Users\User\PycharmProjects\Socializing\main.py:29" - <module> - INFO - 正在啟動伺服器...
2023-07-11 23:20:51 - server - "C:\Users\User\PycharmProjects\Socializing\main.py:30" - <module> - INFO - Document：http://127.0.0.1:34567/docs

2023-07-11 23:22:00 - server - "C:\Users\User\PycharmProjects\Socializing\main.py:29" - <module> - INFO - 正在啟動伺服器...
2023-07-11 23:22:00 - server - "C:\Users\User\PycharmProjects\Socializing\main.py:30" - <module> - INFO - Document：http://127.0.0.1:34567/docs

2023-07-11 23:22:25 - server - "C:\Users\User\PycharmProjects\Socializing\main.py:29" - <module> - INFO - 正在啟動伺服器...
2023-07-11 23:22:25 - server - "C:\Users\User\PycharmProjects\Socializing\main.py:30" - <module> - INFO - Document：http://127.0.0.1:34567/docs

2023-07-11 23:23:32 - server - "C:\Users\User\PycharmProjects\Socializing\main.py:29" - <module> - INFO - 正在啟動伺服器...
2023-07-11 23:23:32 - server - "C:\Users\User\PycharmProjects\Socializing\main.py:30" - <module> - INFO - Document：http://127.0.0.1:34567/docs

2023-07-11 23:25:26 - server - "C:\Users\User\PycharmProjects\Socializing\main.py:29" - <module> - INFO - 正在啟動伺服器...
2023-07-11 23:25:26 - server - "C:\Users\User\PycharmProjects\Socializing\main.py:30" - <module> - INFO - Document：http://127.0.0.1:34567/docs

2023-07-11 23:27:14 - server - "C:\Users\User\PycharmProjects\Socializing\main.py:29" - <module> - INFO - 正在啟動伺服器...
2023-07-11 23:27:14 - server - "C:\Users\User\PycharmProjects\Socializing\main.py:30" - <module> - INFO - Document：http://127.0.0.1:34567/docs

2023-07-11 23:30:24 - server - "C:\Users\User\PycharmProjects\Socializing\main.py:29" - <module> - INFO - 正在啟動伺服器...
2023-07-11 23:30:24 - server - "C:\Users\User\PycharmProjects\Socializing\main.py:30" - <module> - INFO - Document：http://127.0.0.1:34567/docs

2023-07-11 23:31:19 - server - "C:\Users\User\PycharmProjects\Socializing\main.py:29" - <module> - INFO - 正在啟動伺服器...
2023-07-11 23:31:19 - server - "C:\Users\User\PycharmProjects\Socializing\main.py:30" - <module> - INFO - Document：http://127.0.0.1:34567/docs

2023-07-11 23:33:01 - server - "C:\Users\User\PycharmProjects\Socializing\main.py:29" - <module> - INFO - 正在啟動伺服器...
2023-07-11 23:33:01 - server - "C:\Users\User\PycharmProjects\Socializing\main.py:30" - <module> - INFO - Document：http://127.0.0.1:34567/docs

2023-07-11 23:34:43 - server - "C:\Users\User\PycharmProjects\Socializing\main.py:29" - <module> - INFO - 正在啟動伺服器...
2023-07-11 23:34:43 - server - "C:\Users\User\PycharmProjects\Socializing\main.py:30" - <module> - INFO - Document：http://127.0.0.1:34567/docs

2023-07-11 23:37:01 - server - "C:\Users\User\PycharmProjects\Socializing\main.py:29" - <module> - INFO - 正在啟動伺服器...
2023-07-11 23:37:01 - server - "C:\Users\User\PycharmProjects\Socializing\main.py:30" - <module> - INFO - Document：http://127.0.0.1:34567/docs

2023-07-11 23:49:14 - server - "C:\Users\User\PycharmProjects\Socializing\main.py:29" - <module> - INFO - 正在啟動伺服器...
2023-07-11 23:49:14 - server - "C:\Users\User\PycharmProjects\Socializing\main.py:30" - <module> - INFO - Document：http://127.0.0.1:34567/docs

2023-07-11 23:55:25 - server - "C:\Users\User\PycharmProjects\Socializing\main.py:29" - <module> - INFO - 正在啟動伺服器...
2023-07-11 23:55:25 - server - "C:\Users\User\PycharmProjects\Socializing\main.py:30" - <module> - INFO - Document：http://127.0.0.1:34567/docs

2023-07-11 23:56:20 - server - "C:\Users\User\PycharmProjects\Socializing\main.py:29" - <module> - INFO - 正在啟動伺服器...
2023-07-11 23:56:20 - server - "C:\Users\User\PycharmProjects\Socializing\main.py:30" - <module> - INFO - Document：http://127.0.0.1:34567/docs

2023-07-11 23:57:26 - server - "C:\Users\User\PycharmProjects\Socializing\main.py:29" - <module> - INFO - 正在啟動伺服器...
2023-07-11 23:57:26 - server - "C:\Users\User\PycharmProjects\Socializing\main.py:30" - <module> - INFO - Document：http://127.0.0.1:34567/docs

2023-07-11 23:58:38 - server - "C:\Users\User\PycharmProjects\Socializing\main.py:29" - <module> - INFO - 正在啟動伺服器...
2023-07-11 23:58:38 - server - "C:\Users\User\PycharmProjects\Socializing\main.py:30" - <module> - INFO - Document：http://127.0.0.1:34567/docs

2023-07-12 00:00:19 - server - "C:\Users\User\PycharmProjects\Socializing\main.py:29" - <module> - INFO - 正在啟動伺服器...
2023-07-12 00:00:19 - server - "C:\Users\User\PycharmProjects\Socializing\main.py:30" - <module> - INFO - Document：http://127.0.0.1:34567/docs

2023-07-12 00:00:22 - server - "C:\Users\User\PycharmProjects\Socializing\main.py:29" - <module> - INFO - 正在啟動伺服器...
2023-07-12 00:00:22 - server - "C:\Users\User\PycharmProjects\Socializing\main.py:30" - <module> - INFO - Document：http://127.0.0.1:34567/docs

2023-07-12 00:02:27 - server - "C:\Users\User\PycharmProjects\Socializing\main.py:29" - <module> - INFO - 正在啟動伺服器...
2023-07-12 00:02:27 - server - "C:\Users\User\PycharmProjects\Socializing\main.py:30" - <module> - INFO - Document：http://127.0.0.1:34567/docs

2023-07-12 00:04:35 - server - "C:\Users\User\PycharmProjects\Socializing\main.py:29" - <module> - INFO - 正在啟動伺服器...
2023-07-12 00:04:35 - server - "C:\Users\User\PycharmProjects\Socializing\main.py:30" - <module> - INFO - Document：http://127.0.0.1:34567/docs

2023-07-12 00:25:13 - server - "C:\Users\User\PycharmProjects\Socializing\main.py:29" - <module> - INFO - 正在啟動伺服器...
2023-07-12 00:25:13 - server - "C:\Users\User\PycharmProjects\Socializing\main.py:30" - <module> - INFO - Document：http://127.0.0.1:34567/docs

2023-07-12 00:31:27 - server - "C:\Users\User\PycharmProjects\Socializing\main.py:29" - <module> - INFO - 正在啟動伺服器...
2023-07-12 00:31:27 - server - "C:\Users\User\PycharmProjects\Socializing\main.py:30" - <module> - INFO - Document：http://127.0.0.1:34567/docs

2023-07-12 00:33:28 - server - "C:\Users\User\PycharmProjects\Socializing\main.py:29" - <module> - INFO - 正在啟動伺服器...
2023-07-12 00:33:28 - server - "C:\Users\User\PycharmProjects\Socializing\main.py:30" - <module> - INFO - Document：http://127.0.0.1:34567/docs

2023-07-12 00:34:33 - server - "C:\Users\User\PycharmProjects\Socializing\main.py:29" - <module> - INFO - 正在啟動伺服器...
2023-07-12 00:34:33 - server - "C:\Users\User\PycharmProjects\Socializing\main.py:30" - <module> - INFO - Document：http://127.0.0.1:34567/docs

2023-07-12 00:36:45 - server - "C:\Users\User\PycharmProjects\Socializing\main.py:29" - <module> - INFO - 正在啟動伺服器...
2023-07-12 00:36:45 - server - "C:\Users\User\PycharmProjects\Socializing\main.py:30" - <module> - INFO - Document：http://127.0.0.1:34567/docs

2023-07-12 00:38:53 - server - "C:\Users\User\PycharmProjects\Socializing\main.py:29" - <module> - INFO - 正在啟動伺服器...
2023-07-12 00:38:53 - server - "C:\Users\User\PycharmProjects\Socializing\main.py:30" - <module> - INFO - Document：http://127.0.0.1:34567/docs

2023-07-12 02:43:50 - server - "C:\Users\User\PycharmProjects\Socializing\main.py:29" - <module> - INFO - 正在啟動伺服器...
2023-07-12 02:43:50 - server - "C:\Users\User\PycharmProjects\Socializing\main.py:30" - <module> - INFO - Document：http://127.0.0.1:34567/docs

2023-07-12 02:48:27 - server - "C:\Users\User\PycharmProjects\Socializing\main.py:29" - <module> - INFO - 正在啟動伺服器...
2023-07-12 02:48:27 - server - "C:\Users\User\PycharmProjects\Socializing\main.py:30" - <module> - INFO - Document：http://127.0.0.1:34567/docs

2023-07-12 02:52:46 - server - "C:\Users\User\PycharmProjects\Socializing\main.py:29" - <module> - INFO - 正在啟動伺服器...
2023-07-12 02:52:46 - server - "C:\Users\User\PycharmProjects\Socializing\main.py:30" - <module> - INFO - Document：http://127.0.0.1:34567/docs

2023-07-12 03:02:36 - server - "C:\Users\User\PycharmProjects\Socializing\main.py:29" - <module> - INFO - 正在啟動伺服器...
2023-07-12 03:02:36 - server - "C:\Users\User\PycharmProjects\Socializing\main.py:30" - <module> - INFO - Document：http://127.0.0.1:34567/docs

2023-07-12 03:08:07 - server - "C:\Users\User\PycharmProjects\Socializing\main.py:29" - <module> - INFO - 正在啟動伺服器...
2023-07-12 03:08:07 - server - "C:\Users\User\PycharmProjects\Socializing\main.py:30" - <module> - INFO - Document：http://127.0.0.1:34567/docs

2023-07-12 03:09:56 - server - "C:\Users\User\PycharmProjects\Socializing\main.py:29" - <module> - INFO - 正在啟動伺服器...
2023-07-12 03:09:56 - server - "C:\Users\User\PycharmProjects\Socializing\main.py:30" - <module> - INFO - Document：http://127.0.0.1:34567/docs

2023-07-12 03:11:39 - server - "C:\Users\User\PycharmProjects\Socializing\main.py:29" - <module> - INFO - 正在啟動伺服器...
2023-07-12 03:11:39 - server - "C:\Users\User\PycharmProjects\Socializing\main.py:30" - <module> - INFO - Document：http://127.0.0.1:34567/docs

2023-07-12 03:19:47 - server - "C:\Users\User\PycharmProjects\Socializing\main.py:29" - <module> - INFO - 正在啟動伺服器...
2023-07-12 03:19:47 - server - "C:\Users\User\PycharmProjects\Socializing\main.py:30" - <module> - INFO - Document：http://127.0.0.1:34567/docs

2023-07-12 03:20:03 - server - "C:\Users\User\PycharmProjects\Socializing\main.py:29" - <module> - INFO - 正在啟動伺服器...
2023-07-12 03:20:03 - server - "C:\Users\User\PycharmProjects\Socializing\main.py:30" - <module> - INFO - Document：http://127.0.0.1:34567/docs

2023-07-12 03:21:18 - server - "C:\Users\User\PycharmProjects\Socializing\main.py:29" - <module> - INFO - 正在啟動伺服器...
2023-07-12 03:21:18 - server - "C:\Users\User\PycharmProjects\Socializing\main.py:30" - <module> - INFO - Document：http://127.0.0.1:34567/docs

2023-07-12 03:28:25 - server - "C:\Users\User\PycharmProjects\Socializing\main.py:29" - <module> - INFO - 正在啟動伺服器...
2023-07-12 03:28:25 - server - "C:\Users\User\PycharmProjects\Socializing\main.py:30" - <module> - INFO - Document：http://127.0.0.1:34567/docs

2023-07-12 03:29:41 - server - "C:\Users\User\PycharmProjects\Socializing\main.py:29" - <module> - INFO - 正在啟動伺服器...
2023-07-12 03:29:41 - server - "C:\Users\User\PycharmProjects\Socializing\main.py:30" - <module> - INFO - Document：http://127.0.0.1:34567/docs

2023-07-12 03:33:42 - server - "C:\Users\User\PycharmProjects\Socializing\main.py:29" - <module> - INFO - 正在啟動伺服器...
2023-07-12 03:33:42 - server - "C:\Users\User\PycharmProjects\Socializing\main.py:30" - <module> - INFO - Document：http://127.0.0.1:34567/docs

2023-07-12 03:43:36 - server - "C:\Users\User\PycharmProjects\Socializing\main.py:29" - <module> - INFO - 正在啟動伺服器...
2023-07-12 03:43:36 - server - "C:\Users\User\PycharmProjects\Socializing\main.py:30" - <module> - INFO - Document：http://127.0.0.1:34567/docs

2023-07-12 21:06:59 - server - "C:\Users\User\PycharmProjects\Socializing\main.py:29" - <module> - INFO - 正在啟動伺服器...
2023-07-12 21:06:59 - server - "C:\Users\User\PycharmProjects\Socializing\main.py:30" - <module> - INFO - Document：http://127.0.0.1:34567/docs

2023-07-13 00:50:34 - server - "C:\Users\User\PycharmProjects\Socializing\main.py:29" - <module> - INFO - 正在啟動伺服器...
2023-07-13 00:50:34 - server - "C:\Users\User\PycharmProjects\Socializing\main.py:30" - <module> - INFO - Document：http://127.0.0.1:34567/docs

2023-07-13 00:52:37 - server - "C:\Users\User\PycharmProjects\Socializing\main.py:29" - <module> - INFO - 正在啟動伺服器...
2023-07-13 00:52:37 - server - "C:\Users\User\PycharmProjects\Socializing\main.py:30" - <module> - INFO - Document：http://127.0.0.1:34567/docs

2023-07-13 01:46:18 - server - "C:\Users\User\PycharmProjects\Socializing\main.py:29" - <module> - INFO - 正在啟動伺服器...
2023-07-13 01:46:18 - server - "C:\Users\User\PycharmProjects\Socializing\main.py:30" - <module> - INFO - Document：http://127.0.0.1:34567/docs

2023-07-13 02:14:54 - server - "C:\Users\User\PycharmProjects\Socializing\main.py:29" - <module> - INFO - 正在啟動伺服器...
2023-07-13 02:14:54 - server - "C:\Users\User\PycharmProjects\Socializing\main.py:30" - <module> - INFO - Document：http://127.0.0.1:34567/docs

2023-07-13 02:20:59 - server - "C:\Users\User\PycharmProjects\Socializing\main.py:29" - <module> - INFO - 正在啟動伺服器...
2023-07-13 02:20:59 - server - "C:\Users\User\PycharmProjects\Socializing\main.py:30" - <module> - INFO - Document：http://127.0.0.1:34567/docs

2023-07-13 02:23:22 - server - "C:\Users\User\PycharmProjects\Socializing\main.py:29" - <module> - INFO - 正在啟動伺服器...
2023-07-13 02:23:22 - server - "C:\Users\User\PycharmProjects\Socializing\main.py:30" - <module> - INFO - Document：http://127.0.0.1:34567/docs

2023-07-13 02:29:56 - server - "C:\Users\User\PycharmProjects\Socializing\main.py:29" - <module> - INFO - 正在啟動伺服器...
2023-07-13 02:29:56 - server - "C:\Users\User\PycharmProjects\Socializing\main.py:30" - <module> - INFO - Document：http://127.0.0.1:34567/docs

2023-07-13 02:39:20 - server - "C:\Users\User\PycharmProjects\Socializing\main.py:29" - <module> - INFO - 正在啟動伺服器...
2023-07-13 02:39:20 - server - "C:\Users\User\PycharmProjects\Socializing\main.py:30" - <module> - INFO - Document：http://127.0.0.1:34567/docs

2023-07-13 02:39:54 - server - "C:\Users\User\PycharmProjects\Socializing\main.py:29" - <module> - INFO - 正在啟動伺服器...
2023-07-13 02:39:54 - server - "C:\Users\User\PycharmProjects\Socializing\main.py:30" - <module> - INFO - Document：http://127.0.0.1:34567/docs

2023-07-13 02:42:06 - server - "C:\Users\User\PycharmProjects\Socializing\main.py:29" - <module> - INFO - 正在啟動伺服器...
2023-07-13 02:42:06 - server - "C:\Users\User\PycharmProjects\Socializing\main.py:30" - <module> - INFO - Document：http://127.0.0.1:34567/docs

2023-07-13 02:44:49 - server - "C:\Users\User\PycharmProjects\Socializing\main.py:29" - <module> - INFO - 正在啟動伺服器...
2023-07-13 02:44:49 - server - "C:\Users\User\PycharmProjects\Socializing\main.py:30" - <module> - INFO - Document：http://127.0.0.1:34567/docs

2023-07-13 02:45:23 - server - "C:\Users\User\PycharmProjects\Socializing\main.py:29" - <module> - INFO - 正在啟動伺服器...
2023-07-13 02:45:23 - server - "C:\Users\User\PycharmProjects\Socializing\main.py:30" - <module> - INFO - Document：http://127.0.0.1:34567/docs

2023-07-13 02:47:41 - server - "C:\Users\User\PycharmProjects\Socializing\main.py:29" - <module> - INFO - 正在啟動伺服器...
2023-07-13 02:47:41 - server - "C:\Users\User\PycharmProjects\Socializing\main.py:30" - <module> - INFO - Document：http://127.0.0.1:34567/docs

2023-07-13 02:48:53 - server - "C:\Users\User\PycharmProjects\Socializing\main.py:29" - <module> - INFO - 正在啟動伺服器...
2023-07-13 02:48:53 - server - "C:\Users\User\PycharmProjects\Socializing\main.py:30" - <module> - INFO - Document：http://127.0.0.1:34567/docs

2023-07-13 02:49:22 - server - "C:\Users\User\PycharmProjects\Socializing\main.py:29" - <module> - INFO - 正在啟動伺服器...
2023-07-13 02:49:22 - server - "C:\Users\User\PycharmProjects\Socializing\main.py:30" - <module> - INFO - Document：http://127.0.0.1:34567/docs

2023-07-13 02:49:57 - server - "C:\Users\User\PycharmProjects\Socializing\main.py:29" - <module> - INFO - 正在啟動伺服器...
2023-07-13 02:49:57 - server - "C:\Users\User\PycharmProjects\Socializing\main.py:30" - <module> - INFO - Document：http://127.0.0.1:34567/docs

2023-07-13 02:51:56 - server - "C:\Users\User\PycharmProjects\Socializing\main.py:29" - <module> - INFO - 正在啟動伺服器...
2023-07-13 02:51:56 - server - "C:\Users\User\PycharmProjects\Socializing\main.py:30" - <module> - INFO - Document：http://127.0.0.1:34567/docs

2023-07-13 02:54:37 - server - "C:\Users\User\PycharmProjects\Socializing\main.py:29" - <module> - INFO - 正在啟動伺服器...
2023-07-13 02:54:37 - server - "C:\Users\User\PycharmProjects\Socializing\main.py:30" - <module> - INFO - Document：http://127.0.0.1:34567/docs

2023-07-13 02:57:59 - server - "C:\Users\User\PycharmProjects\Socializing\main.py:29" - <module> - INFO - 正在啟動伺服器...
2023-07-13 02:57:59 - server - "C:\Users\User\PycharmProjects\Socializing\main.py:30" - <module> - INFO - Document：http://127.0.0.1:34567/docs

2023-07-13 02:59:07 - server - "C:\Users\User\PycharmProjects\Socializing\main.py:29" - <module> - INFO - 正在啟動伺服器...
2023-07-13 02:59:07 - server - "C:\Users\User\PycharmProjects\Socializing\main.py:30" - <module> - INFO - Document：http://127.0.0.1:34567/docs

2023-07-13 03:00:18 - server - "C:\Users\User\PycharmProjects\Socializing\main.py:29" - <module> - INFO - 正在啟動伺服器...
2023-07-13 03:00:18 - server - "C:\Users\User\PycharmProjects\Socializing\main.py:30" - <module> - INFO - Document：http://127.0.0.1:34567/docs

2023-07-13 03:00:44 - server - "C:\Users\User\PycharmProjects\Socializing\main.py:29" - <module> - INFO - 正在啟動伺服器...
2023-07-13 03:00:44 - server - "C:\Users\User\PycharmProjects\Socializing\main.py:30" - <module> - INFO - Document：http://127.0.0.1:34567/docs

2023-07-13 03:01:10 - server - "C:\Users\User\PycharmProjects\Socializing\main.py:29" - <module> - INFO - 正在啟動伺服器...
2023-07-13 03:01:10 - server - "C:\Users\User\PycharmProjects\Socializing\main.py:30" - <module> - INFO - Document：http://127.0.0.1:34567/docs

2023-07-13 03:08:06 - server - "C:\Users\User\PycharmProjects\Socializing\main.py:29" - <module> - INFO - 正在啟動伺服器...
2023-07-13 03:08:06 - server - "C:\Users\User\PycharmProjects\Socializing\main.py:30" - <module> - INFO - Document：http://127.0.0.1:34567/docs

2023-07-13 03:09:30 - server - "C:\Users\User\PycharmProjects\Socializing\main.py:29" - <module> - INFO - 正在啟動伺服器...
2023-07-13 03:09:30 - server - "C:\Users\User\PycharmProjects\Socializing\main.py:30" - <module> - INFO - Document：http://127.0.0.1:34567/docs

2023-07-13 03:11:01 - server - "C:\Users\User\PycharmProjects\Socializing\main.py:29" - <module> - INFO - 正在啟動伺服器...
2023-07-13 03:11:01 - server - "C:\Users\User\PycharmProjects\Socializing\main.py:30" - <module> - INFO - Document：http://127.0.0.1:34567/docs

2023-07-13 03:13:06 - server - "C:\Users\User\PycharmProjects\Socializing\main.py:29" - <module> - INFO - 正在啟動伺服器...
2023-07-13 03:13:06 - server - "C:\Users\User\PycharmProjects\Socializing\main.py:30" - <module> - INFO - Document：http://127.0.0.1:34567/docs

2023-07-13 03:13:45 - server - "C:\Users\User\PycharmProjects\Socializing\main.py:29" - <module> - INFO - 正在啟動伺服器...
2023-07-13 03:13:45 - server - "C:\Users\User\PycharmProjects\Socializing\main.py:30" - <module> - INFO - Document：http://127.0.0.1:34567/docs

2023-07-13 03:17:18 - server - "C:\Users\User\PycharmProjects\Socializing\main.py:29" - <module> - INFO - 正在啟動伺服器...
2023-07-13 03:17:18 - server - "C:\Users\User\PycharmProjects\Socializing\main.py:30" - <module> - INFO - Document：http://127.0.0.1:34567/docs

2023-07-13 03:18:16 - server - "C:\Users\User\PycharmProjects\Socializing\main.py:29" - <module> - INFO - 正在啟動伺服器...
2023-07-13 03:18:16 - server - "C:\Users\User\PycharmProjects\Socializing\main.py:30" - <module> - INFO - Document：http://127.0.0.1:34567/docs

2023-07-13 10:49:56 - server - "C:\Users\User\PycharmProjects\Socializing\main.py:29" - <module> - INFO - 正在啟動伺服器...
2023-07-13 10:49:56 - server - "C:\Users\User\PycharmProjects\Socializing\main.py:30" - <module> - INFO - Document：http://127.0.0.1:34567/docs

2023-07-13 10:50:49 - server - "C:\Users\User\PycharmProjects\Socializing\main.py:29" - <module> - INFO - 正在啟動伺服器...
2023-07-13 10:50:49 - server - "C:\Users\User\PycharmProjects\Socializing\main.py:30" - <module> - INFO - Document：http://127.0.0.1:34567/docs

2023-07-13 10:53:08 - server - "C:\Users\User\PycharmProjects\Socializing\main.py:29" - <module> - INFO - 正在啟動伺服器...
2023-07-13 10:53:08 - server - "C:\Users\User\PycharmProjects\Socializing\main.py:30" - <module> - INFO - Document：http://127.0.0.1:34567/docs

2023-07-13 10:58:51 - server - "C:\Users\User\PycharmProjects\Socializing\main.py:29" - <module> - INFO - 正在啟動伺服器...
2023-07-13 10:58:51 - server - "C:\Users\User\PycharmProjects\Socializing\main.py:30" - <module> - INFO - Document：http://127.0.0.1:34567/docs

2023-07-13 10:59:40 - server - "C:\Users\User\PycharmProjects\Socializing\main.py:29" - <module> - INFO - 正在啟動伺服器...
2023-07-13 10:59:40 - server - "C:\Users\User\PycharmProjects\Socializing\main.py:30" - <module> - INFO - Document：http://127.0.0.1:34567/docs

2023-07-13 11:04:57 - server - "C:\Users\User\PycharmProjects\Socializing\main.py:29" - <module> - INFO - 正在啟動伺服器...
2023-07-13 11:04:57 - server - "C:\Users\User\PycharmProjects\Socializing\main.py:30" - <module> - INFO - Document：http://127.0.0.1:34567/docs

2023-07-13 11:17:06 - server - "C:\Users\User\PycharmProjects\Socializing\main.py:29" - <module> - INFO - 正在啟動伺服器...
2023-07-13 11:17:06 - server - "C:\Users\User\PycharmProjects\Socializing\main.py:30" - <module> - INFO - Document：http://127.0.0.1:34567/docs

2023-07-13 11:19:14 - server - "C:\Users\User\PycharmProjects\Socializing\main.py:29" - <module> - INFO - 正在啟動伺服器...
2023-07-13 11:19:14 - server - "C:\Users\User\PycharmProjects\Socializing\main.py:30" - <module> - INFO - Document：http://127.0.0.1:34567/docs

2023-07-13 11:20:27 - server - "C:\Users\User\PycharmProjects\Socializing\main.py:29" - <module> - INFO - 正在啟動伺服器...
2023-07-13 11:20:27 - server - "C:\Users\User\PycharmProjects\Socializing\main.py:30" - <module> - INFO - Document：http://127.0.0.1:34567/docs

2023-07-13 11:21:03 - server - "C:\Users\User\PycharmProjects\Socializing\main.py:29" - <module> - INFO - 正在啟動伺服器...
2023-07-13 11:21:03 - server - "C:\Users\User\PycharmProjects\Socializing\main.py:30" - <module> - INFO - Document：http://127.0.0.1:34567/docs

2023-07-13 11:22:36 - server - "C:\Users\User\PycharmProjects\Socializing\main.py:29" - <module> - INFO - 正在啟動伺服器...
2023-07-13 11:22:36 - server - "C:\Users\User\PycharmProjects\Socializing\main.py:30" - <module> - INFO - Document：http://127.0.0.1:34567/docs

2023-07-13 11:25:03 - server - "C:\Users\User\PycharmProjects\Socializing\main.py:29" - <module> - INFO - 正在啟動伺服器...
2023-07-13 11:25:03 - server - "C:\Users\User\PycharmProjects\Socializing\main.py:30" - <module> - INFO - Document：http://127.0.0.1:34567/docs

2023-07-13 11:26:46 - server - "C:\Users\User\PycharmProjects\Socializing\main.py:29" - <module> - INFO - 正在啟動伺服器...
2023-07-13 11:26:46 - server - "C:\Users\User\PycharmProjects\Socializing\main.py:30" - <module> - INFO - Document：http://127.0.0.1:34567/docs

2023-07-13 11:28:16 - server - "C:\Users\User\PycharmProjects\Socializing\main.py:29" - <module> - INFO - 正在啟動伺服器...
2023-07-13 11:28:16 - server - "C:\Users\User\PycharmProjects\Socializing\main.py:30" - <module> - INFO - Document：http://127.0.0.1:34567/docs

2023-07-13 11:30:01 - server - "C:\Users\User\PycharmProjects\Socializing\main.py:29" - <module> - INFO - 正在啟動伺服器...
2023-07-13 11:30:01 - server - "C:\Users\User\PycharmProjects\Socializing\main.py:30" - <module> - INFO - Document：http://127.0.0.1:34567/docs

2023-07-13 11:32:04 - server - "C:\Users\User\PycharmProjects\Socializing\main.py:29" - <module> - INFO - 正在啟動伺服器...
2023-07-13 11:32:04 - server - "C:\Users\User\PycharmProjects\Socializing\main.py:30" - <module> - INFO - Document：http://127.0.0.1:34567/docs

2023-07-13 11:33:22 - server - "C:\Users\User\PycharmProjects\Socializing\main.py:29" - <module> - INFO - 正在啟動伺服器...
2023-07-13 11:33:22 - server - "C:\Users\User\PycharmProjects\Socializing\main.py:30" - <module> - INFO - Document：http://127.0.0.1:34567/docs

2023-07-13 11:35:41 - server - "C:\Users\User\PycharmProjects\Socializing\main.py:29" - <module> - INFO - 正在啟動伺服器...
2023-07-13 11:35:41 - server - "C:\Users\User\PycharmProjects\Socializing\main.py:30" - <module> - INFO - Document：http://127.0.0.1:34567/docs

2023-07-13 11:36:21 - server - "C:\Users\User\PycharmProjects\Socializing\main.py:29" - <module> - INFO - 正在啟動伺服器...
2023-07-13 11:36:21 - server - "C:\Users\User\PycharmProjects\Socializing\main.py:30" - <module> - INFO - Document：http://127.0.0.1:34567/docs

2023-07-13 11:37:35 - server - "C:\Users\User\PycharmProjects\Socializing\main.py:29" - <module> - INFO - 正在啟動伺服器...
2023-07-13 11:37:35 - server - "C:\Users\User\PycharmProjects\Socializing\main.py:30" - <module> - INFO - Document：http://127.0.0.1:34567/docs

2023-07-13 11:38:17 - server - "C:\Users\User\PycharmProjects\Socializing\main.py:29" - <module> - INFO - 正在啟動伺服器...
2023-07-13 11:38:17 - server - "C:\Users\User\PycharmProjects\Socializing\main.py:30" - <module> - INFO - Document：http://127.0.0.1:34567/docs

2023-07-13 11:40:29 - server - "C:\Users\User\PycharmProjects\Socializing\main.py:29" - <module> - INFO - 正在啟動伺服器...
2023-07-13 11:40:29 - server - "C:\Users\User\PycharmProjects\Socializing\main.py:30" - <module> - INFO - Document：http://127.0.0.1:34567/docs

2023-07-13 11:40:50 - server - "C:\Users\User\PycharmProjects\Socializing\main.py:29" - <module> - INFO - 正在啟動伺服器...
2023-07-13 11:40:50 - server - "C:\Users\User\PycharmProjects\Socializing\main.py:30" - <module> - INFO - Document：http://127.0.0.1:34567/docs

2023-07-13 12:03:42 - server - "C:\Users\User\PycharmProjects\Socializing\main.py:29" - <module> - INFO - 正在啟動伺服器...
2023-07-13 12:03:42 - server - "C:\Users\User\PycharmProjects\Socializing\main.py:30" - <module> - INFO - Document：http://127.0.0.1:34567/docs

2023-07-13 12:05:07 - server - "C:\Users\User\PycharmProjects\Socializing\main.py:29" - <module> - INFO - 正在啟動伺服器...
2023-07-13 12:05:07 - server - "C:\Users\User\PycharmProjects\Socializing\main.py:30" - <module> - INFO - Document：http://127.0.0.1:34567/docs

2023-07-13 12:08:56 - server - "C:\Users\User\PycharmProjects\Socializing\main.py:29" - <module> - INFO - 正在啟動伺服器...
2023-07-13 12:08:56 - server - "C:\Users\User\PycharmProjects\Socializing\main.py:30" - <module> - INFO - Document：http://127.0.0.1:34567/docs

2023-07-13 12:10:47 - server - "C:\Users\User\PycharmProjects\Socializing\main.py:29" - <module> - INFO - 正在啟動伺服器...
2023-07-13 12:10:47 - server - "C:\Users\User\PycharmProjects\Socializing\main.py:30" - <module> - INFO - Document：http://127.0.0.1:34567/docs

2023-07-13 12:12:28 - server - "C:\Users\User\PycharmProjects\Socializing\main.py:29" - <module> - INFO - 正在啟動伺服器...
2023-07-13 12:12:28 - server - "C:\Users\User\PycharmProjects\Socializing\main.py:30" - <module> - INFO - Document：http://127.0.0.1:34567/docs

2023-07-13 13:16:58 - server - "C:\Users\User\PycharmProjects\Socializing\main.py:29" - <module> - INFO - 正在啟動伺服器...
2023-07-13 13:16:58 - server - "C:\Users\User\PycharmProjects\Socializing\main.py:30" - <module> - INFO - Document：http://127.0.0.1:34567/docs

2023-07-13 13:18:42 - server - "C:\Users\User\PycharmProjects\Socializing\main.py:29" - <module> - INFO - 正在啟動伺服器...
2023-07-13 13:18:42 - server - "C:\Users\User\PycharmProjects\Socializing\main.py:30" - <module> - INFO - Document：http://127.0.0.1:34567/docs

2023-07-13 13:20:14 - server - "C:\Users\User\PycharmProjects\Socializing\main.py:29" - <module> - INFO - 正在啟動伺服器...
2023-07-13 13:20:14 - server - "C:\Users\User\PycharmProjects\Socializing\main.py:30" - <module> - INFO - Document：http://127.0.0.1:34567/docs

2023-07-13 13:24:26 - server - "C:\Users\User\PycharmProjects\Socializing\main.py:29" - <module> - INFO - 正在啟動伺服器...
2023-07-13 13:24:26 - server - "C:\Users\User\PycharmProjects\Socializing\main.py:30" - <module> - INFO - Document：http://127.0.0.1:34567/docs

2023-07-13 13:27:31 - server - "C:\Users\User\PycharmProjects\Socializing\main.py:29" - <module> - INFO - 正在啟動伺服器...
2023-07-13 13:27:31 - server - "C:\Users\User\PycharmProjects\Socializing\main.py:30" - <module> - INFO - Document：http://127.0.0.1:34567/docs

2023-07-13 13:29:25 - server - "C:\Users\User\PycharmProjects\Socializing\main.py:29" - <module> - INFO - 正在啟動伺服器...
2023-07-13 13:29:25 - server - "C:\Users\User\PycharmProjects\Socializing\main.py:30" - <module> - INFO - Document：http://127.0.0.1:34567/docs

2023-07-13 13:34:19 - server - "C:\Users\User\PycharmProjects\Socializing\main.py:29" - <module> - INFO - 正在啟動伺服器...
2023-07-13 13:34:19 - server - "C:\Users\User\PycharmProjects\Socializing\main.py:30" - <module> - INFO - Document：http://127.0.0.1:34567/docs

2023-07-13 13:34:41 - server - "C:\Users\User\PycharmProjects\Socializing\main.py:29" - <module> - INFO - 正在啟動伺服器...
2023-07-13 13:34:41 - server - "C:\Users\User\PycharmProjects\Socializing\main.py:30" - <module> - INFO - Document：http://127.0.0.1:34567/docs

2023-07-13 20:15:29 - server - "C:\Users\User\PycharmProjects\Socializing\main.py:29" - <module> - INFO - 正在啟動伺服器...
2023-07-13 20:15:29 - server - "C:\Users\User\PycharmProjects\Socializing\main.py:30" - <module> - INFO - Document：http://127.0.0.1:34567/docs

2023-07-15 00:20:19 - server - "C:\Users\User\PycharmProjects\Socializing\main.py:29" - <module> - INFO - 正在啟動伺服器...
2023-07-15 00:20:19 - server - "C:\Users\User\PycharmProjects\Socializing\main.py:30" - <module> - INFO - Document：http://127.0.0.1:34567/docs

2023-07-15 04:30:03 - server - "C:\Users\User\PycharmProjects\Socializing\main.py:29" - <module> - INFO - 正在啟動伺服器...
2023-07-15 04:30:03 - server - "C:\Users\User\PycharmProjects\Socializing\main.py:30" - <module> - INFO - Document：http://127.0.0.1:34567/docs

2023-07-15 04:33:15 - server - "C:\Users\User\PycharmProjects\Socializing\main.py:29" - <module> - INFO - 正在啟動伺服器...
2023-07-15 04:33:15 - server - "C:\Users\User\PycharmProjects\Socializing\main.py:30" - <module> - INFO - Document：http://127.0.0.1:34567/docs

2023-07-15 04:34:33 - server - "C:\Users\User\PycharmProjects\Socializing\main.py:29" - <module> - INFO - 正在啟動伺服器...
2023-07-15 04:34:33 - server - "C:\Users\User\PycharmProjects\Socializing\main.py:30" - <module> - INFO - Document：http://127.0.0.1:34567/docs

2023-07-15 19:09:25 - server - "C:\Users\User\PycharmProjects\Socializing\server\services\profile.py:61" - import_profile_from_chrome - INFO - 備份裝置 => C:\Users\User\AppData\Local\Google\Chrome\User Data\Default
2023-07-15 19:09:26 - server - "C:\Users\User\PycharmProjects\Socializing\server\services\profile.py:123" - import_profile_from_chrome - INFO - 備份裝置完成
2023-07-15 19:09:26 - server - "C:\Users\User\PycharmProjects\Socializing\server\services\profile.py:61" - import_profile_from_chrome - INFO - 備份裝置 => C:\Users\User\AppData\Local\Google\Chrome\User Data\Profile 1
2023-07-15 19:09:26 - server - "C:\Users\User\PycharmProjects\Socializing\server\services\profile.py:123" - import_profile_from_chrome - INFO - 備份裝置完成

2023-07-15 19:13:43 - server - "C:\Users\User\PycharmProjects\Socializing\server\services\profile.py:155" - sync_profile_from_chrome - ERROR - Chrome 沒有任何配置檔

2023-07-15 19:15:54 - server - "C:\Users\User\PycharmProjects\Socializing\server\services\profile.py:61" - import_profile_from_chrome - INFO - 備份裝置 => C:\Users\User\AppData\Local\Google\Chrome\User Data\Default

2023-07-15 19:15:54 - server - "C:\Users\User\PycharmProjects\Socializing\server\services\profile.py:123" - import_profile_from_chrome - INFO - 備份裝置完成
2023-07-15 19:15:54 - server - "C:\Users\User\PycharmProjects\Socializing\server\services\profile.py:61" - import_profile_from_chrome - INFO - 備份裝置 => C:\Users\User\AppData\Local\Google\Chrome\User Data\Profile 1
2023-07-15 19:15:54 - server - "C:\Users\User\PycharmProjects\Socializing\server\services\profile.py:123" - import_profile_from_chrome - INFO - 備份裝置完成

2023-07-15 19:22:23 - server - "C:\Users\User\PycharmProjects\Socializing\server\services\profile.py:61" - import_profile_from_chrome - INFO - 備份裝置 => C:\Users\User\AppData\Local\Google\Chrome\User Data\Default

2023-07-15 19:25:14 - server - "C:\Users\User\PycharmProjects\Socializing\server\services\profile.py:124" - import_profile_from_chrome - ERROR - string indices must be integers
Traceback (most recent call last):
  File "C:\Users\User\PycharmProjects\Socializing\server\services\profile.py", line 61, in import_profile_from_chrome
    server_logger.info("備份裝置 => " + profile_data['dir'])
TypeError: string indices must be integers
2023-07-15 19:25:14 - server - "C:\Users\User\PycharmProjects\Socializing\server\services\profile.py:125" - import_profile_from_chrome - ERROR - 備份裝置失敗

2023-07-15 19:26:01 - server - "C:\Users\User\PycharmProjects\Socializing\server\services\profile.py:61" - import_profile_from_chrome - INFO - 備份裝置 => C:\Users\User\AppData\Local\Google\Chrome\User Data\Default
2023-07-15 19:26:01 - server - "C:\Users\User\PycharmProjects\Socializing\server\services\profile.py:120" - import_profile_from_chrome - INFO - 備份裝置完成

2023-07-15 19:26:02 - server - "C:\Users\User\PycharmProjects\Socializing\server\services\profile.py:61" - import_profile_from_chrome - INFO - 備份裝置 => C:\Users\User\AppData\Local\Google\Chrome\User Data\Profile 1
2023-07-15 19:26:02 - server - "C:\Users\User\PycharmProjects\Socializing\server\services\profile.py:120" - import_profile_from_chrome - INFO - 備份裝置完成

2023-07-15 19:26:48 - server - "C:\Users\User\PycharmProjects\Socializing\server\services\profile.py:61" - import_profile_from_chrome - INFO - 備份裝置 => C:\Users\User\AppData\Local\Google\Chrome\User Data\Default

2023-07-15 19:28:06 - server - "C:\Users\User\PycharmProjects\Socializing\server\services\profile.py:61" - import_profile_from_chrome - INFO - 備份裝置 => C:\Users\User\AppData\Local\Google\Chrome\User Data\Default
2023-07-15 19:28:06 - server - "C:\Users\User\PycharmProjects\Socializing\server\services\profile.py:120" - import_profile_from_chrome - INFO - 備份裝置完成
2023-07-15 19:28:06 - server - "C:\Users\User\PycharmProjects\Socializing\server\services\profile.py:61" - import_profile_from_chrome - INFO - 備份裝置 => C:\Users\User\AppData\Local\Google\Chrome\User Data\Profile 1
2023-07-15 19:28:06 - server - "C:\Users\User\PycharmProjects\Socializing\server\services\profile.py:120" - import_profile_from_chrome - INFO - 備份裝置完成

2023-07-15 19:28:34 - server - "C:\Users\User\PycharmProjects\Socializing\server\services\profile.py:61" - import_profile_from_chrome - INFO - 備份裝置 => C:\Users\User\AppData\Local\Google\Chrome\User Data\Default

2023-07-15 19:31:05 - server - "C:\Users\User\PycharmProjects\Socializing\server\services\profile.py:61" - import_profile_from_chrome - INFO - 備份裝置 => C:\Users\User\AppData\Local\Google\Chrome\User Data\Default

2023-07-15 19:31:24 - server - "C:\Users\User\PycharmProjects\Socializing\server\services\profile.py:122" - import_profile_from_chrome - INFO - 備份裝置完成
2023-07-15 19:31:24 - server - "C:\Users\User\PycharmProjects\Socializing\server\services\profile.py:61" - import_profile_from_chrome - INFO - 備份裝置 => C:\Users\User\AppData\Local\Google\Chrome\User Data\Profile 1
2023-07-15 19:31:25 - server - "C:\Users\User\PycharmProjects\Socializing\server\services\profile.py:122" - import_profile_from_chrome - INFO - 備份裝置完成

2023-07-15 19:33:03 - server - "C:\Users\User\PycharmProjects\Socializing\server\services\profile.py:61" - import_profile_from_chrome - INFO - 備份裝置 => C:\Users\User\AppData\Local\Google\Chrome\User Data\Default

2023-07-15 19:37:04 - server - "C:\Users\User\PycharmProjects\Socializing\server\services\profile.py:61" - import_profile_from_chrome - INFO - 備份裝置 => C:\Users\User\AppData\Local\Google\Chrome\User Data\Default

2023-07-15 19:37:36 - server - "C:\Users\User\PycharmProjects\Socializing\server\services\profile.py:123" - import_profile_from_chrome - INFO - 備份裝置完成
2023-07-15 19:37:36 - server - "C:\Users\User\PycharmProjects\Socializing\server\services\profile.py:61" - import_profile_from_chrome - INFO - 備份裝置 => C:\Users\User\AppData\Local\Google\Chrome\User Data\Profile 1

2023-07-15 19:37:38 - server - "C:\Users\User\PycharmProjects\Socializing\server\services\profile.py:123" - import_profile_from_chrome - INFO - 備份裝置完成

2023-07-15 19:38:18 - server - "C:\Users\User\PycharmProjects\Socializing\server\services\profile.py:61" - import_profile_from_chrome - INFO - 備份裝置 => C:\Users\User\AppData\Local\Google\Chrome\User Data\Default

2023-07-15 19:46:45 - server - "C:\Users\User\PycharmProjects\Socializing\server\services\profile.py:61" - import_profile_from_chrome - INFO - 備份裝置 => C:\Users\User\AppData\Local\Google\Chrome\User Data\Default

2023-07-15 19:46:46 - server - "C:\Users\User\PycharmProjects\Socializing\server\services\profile.py:135" - import_profile_from_chrome - INFO - 備份裝置完成
2023-07-15 19:46:46 - server - "C:\Users\User\PycharmProjects\Socializing\server\services\profile.py:61" - import_profile_from_chrome - INFO - 備份裝置 => C:\Users\User\AppData\Local\Google\Chrome\User Data\Profile 1

2023-07-15 19:46:47 - server - "C:\Users\User\PycharmProjects\Socializing\server\services\profile.py:135" - import_profile_from_chrome - INFO - 備份裝置完成

2023-07-15 19:47:12 - server - "C:\Users\User\PycharmProjects\Socializing\main.py:29" - <module> - INFO - 正在啟動伺服器...
2023-07-15 19:47:12 - server - "C:\Users\User\PycharmProjects\Socializing\main.py:30" - <module> - INFO - Document：http://127.0.0.1:34567/docs

2023-07-15 20:18:18 - server - "C:\Users\User\PycharmProjects\Socializing\server\services\profile.py:62" - import_profile_from_chrome - INFO - 備份裝置 => C:\Users\User\AppData\Local\Google\Chrome\User Data\Default

2023-07-15 20:18:24 - server - "C:\Users\User\PycharmProjects\Socializing\server\services\profile.py:73" - import_profile_from_chrome - INFO - 備份裝置完成

2023-07-15 20:20:49 - server - "C:\Users\User\PycharmProjects\Socializing\server\services\profile.py:63" - import_profile_from_chrome - INFO - 備份裝置 => C:\Users\User\AppData\Local\Google\Chrome\User Data\Default

2023-07-15 20:20:52 - server - "C:\Users\User\PycharmProjects\Socializing\server\services\profile.py:74" - import_profile_from_chrome - INFO - 備份裝置完成

2023-07-15 20:20:59 - server - "C:\Users\User\PycharmProjects\Socializing\server\services\profile.py:146" - import_profile_from_chrome - ERROR - 'NoneType' object has no attribute 'get'
Traceback (most recent call last):
  File "C:\Users\User\PycharmProjects\Socializing\server\services\profile.py", line 79, in import_profile_from_chrome
    server_global.webdrivers[profile_index].driver.get('chrome://version')
AttributeError: 'NoneType' object has no attribute 'get'

2023-07-15 20:23:23 - server - "C:\Users\User\PycharmProjects\Socializing\server\services\profile.py:63" - import_profile_from_chrome - INFO - 備份裝置 => C:\Users\User\AppData\Local\Google\Chrome\User Data\Default
2023-07-15 20:23:23 - server - "C:\Users\User\PycharmProjects\Socializing\server\services\profile.py:74" - import_profile_from_chrome - INFO - 備份裝置完成

2023-07-15 20:23:36 - server - "C:\Users\User\PycharmProjects\Socializing\server\services\profile.py:144" - import_profile_from_chrome - ERROR - 'Webdriver' object has no attribute 'quit'
Traceback (most recent call last):
  File "C:\Users\User\PycharmProjects\Socializing\server\services\profile.py", line 79, in import_profile_from_chrome
    server_global.webdrivers[profile_index].quit()
AttributeError: 'Webdriver' object has no attribute 'quit'
2023-07-15 20:23:36 - server - "C:\Users\User\PycharmProjects\Socializing\server\services\profile.py:145" - import_profile_from_chrome - ERROR - 備份裝置失敗

2023-07-15 20:23:47 - server - "C:\Users\User\PycharmProjects\Socializing\server\services\profile.py:63" - import_profile_from_chrome - INFO - 備份裝置 => C:\Users\User\AppData\Local\Google\Chrome\User Data\Default
2023-07-15 20:23:47 - server - "C:\Users\User\PycharmProjects\Socializing\server\services\profile.py:74" - import_profile_from_chrome - INFO - 備份裝置完成

2023-07-15 20:24:36 - server - "C:\Users\User\PycharmProjects\Socializing\server\services\profile.py:63" - import_profile_from_chrome - INFO - 備份裝置 => C:\Users\User\AppData\Local\Google\Chrome\User Data\Default
2023-07-15 20:24:36 - server - "C:\Users\User\PycharmProjects\Socializing\server\services\profile.py:74" - import_profile_from_chrome - INFO - 備份裝置完成

2023-07-15 20:25:57 - server - "C:\Users\User\PycharmProjects\Socializing\server\services\profile.py:63" - import_profile_from_chrome - INFO - 備份裝置 => C:\Users\User\AppData\Local\Google\Chrome\User Data\Default
2023-07-15 20:25:57 - server - "C:\Users\User\PycharmProjects\Socializing\server\services\profile.py:74" - import_profile_from_chrome - INFO - 備份裝置完成

2023-07-15 20:26:26 - server - "C:\Users\User\PycharmProjects\Socializing\server\services\profile.py:63" - import_profile_from_chrome - INFO - 備份裝置 => C:\Users\User\AppData\Local\Google\Chrome\User Data\Default
2023-07-15 20:26:26 - server - "C:\Users\User\PycharmProjects\Socializing\server\services\profile.py:74" - import_profile_from_chrome - INFO - 備份裝置完成

2023-07-15 20:27:10 - server - "C:\Users\User\PycharmProjects\Socializing\main.py:29" - <module> - INFO - 正在啟動伺服器...
2023-07-15 20:27:10 - server - "C:\Users\User\PycharmProjects\Socializing\main.py:30" - <module> - INFO - Document：http://127.0.0.1:34567/docs

2023-07-15 20:27:34 - server - "C:\Users\User\PycharmProjects\Socializing\server\services\profile.py:63" - import_profile_from_chrome - INFO - 備份裝置 => C:\Users\User\AppData\Local\Google\Chrome\User Data\Default
2023-07-15 20:27:34 - server - "C:\Users\User\PycharmProjects\Socializing\server\services\profile.py:74" - import_profile_from_chrome - INFO - 備份裝置完成

2023-07-15 20:27:50 - server - "C:\Users\User\PycharmProjects\Socializing\main.py:29" - <module> - INFO - 正在啟動伺服器...
2023-07-15 20:27:50 - server - "C:\Users\User\PycharmProjects\Socializing\main.py:30" - <module> - INFO - Document：http://127.0.0.1:34567/docs

2023-07-15 20:30:56 - server - "C:\Users\User\PycharmProjects\Socializing\main.py:29" - <module> - INFO - 正在啟動伺服器...
2023-07-15 20:30:56 - server - "C:\Users\User\PycharmProjects\Socializing\main.py:30" - <module> - INFO - Document：http://127.0.0.1:34567/docs

2023-07-15 20:45:10 - server - "C:\Users\User\PycharmProjects\Socializing\main.py:29" - <module> - INFO - 正在啟動伺服器...
2023-07-15 20:45:10 - server - "C:\Users\User\PycharmProjects\Socializing\main.py:30" - <module> - INFO - Document：http://127.0.0.1:34567/docs

2023-07-15 21:10:29 - server - "C:\Users\User\PycharmProjects\Socializing\main.py:29" - <module> - INFO - 正在啟動伺服器...
2023-07-15 21:10:29 - server - "C:\Users\User\PycharmProjects\Socializing\main.py:30" - <module> - INFO - Document：http://127.0.0.1:34567/docs

2023-07-15 21:27:21 - server - "C:\Users\User\PycharmProjects\Socializing\main.py:29" - <module> - INFO - 正在啟動伺服器...
2023-07-15 21:27:21 - server - "C:\Users\User\PycharmProjects\Socializing\main.py:30" - <module> - INFO - Document：http://127.0.0.1:34567/docs

2023-07-15 21:34:25 - server - "C:\Users\User\PycharmProjects\Socializing\main.py:29" - <module> - INFO - 正在啟動伺服器...
2023-07-15 21:34:25 - server - "C:\Users\User\PycharmProjects\Socializing\main.py:30" - <module> - INFO - Document：http://127.0.0.1:34567/docs

2023-07-15 22:07:03 - server - "C:\Users\User\PycharmProjects\Socializing\main.py:29" - <module> - INFO - 正在啟動伺服器...
2023-07-15 22:07:03 - server - "C:\Users\User\PycharmProjects\Socializing\main.py:30" - <module> - INFO - Document：http://127.0.0.1:34567/docs

2023-07-15 22:09:02 - server - "C:\Users\User\PycharmProjects\Socializing\main.py:29" - <module> - INFO - 正在啟動伺服器...
2023-07-15 22:09:02 - server - "C:\Users\User\PycharmProjects\Socializing\main.py:30" - <module> - INFO - Document：http://127.0.0.1:34567/docs

2023-07-16 00:29:25 - server - "C:\Users\User\PycharmProjects\Socializing\main.py:29" - <module> - INFO - 正在啟動伺服器...
2023-07-16 00:29:25 - server - "C:\Users\User\PycharmProjects\Socializing\main.py:30" - <module> - INFO - Document：http://127.0.0.1:34567/docs

2023-07-16 00:33:29 - server - "C:\Users\User\PycharmProjects\Socializing\server\services\profile.py:63" - import_profile_from_chrome - INFO - 備份裝置 => C:\Users\User\AppData\Local\Google\Chrome\User Data\Default
2023-07-16 00:33:29 - server - "C:\Users\User\PycharmProjects\Socializing\server\services\profile.py:74" - import_profile_from_chrome - INFO - 備份裝置完成

2023-07-16 00:33:51 - server - "C:\Users\User\PycharmProjects\Socializing\server\services\profile.py:63" - import_profile_from_chrome - INFO - 備份裝置 => C:\Users\User\AppData\Local\Google\Chrome\User Data\Default
2023-07-16 00:33:51 - server - "C:\Users\User\PycharmProjects\Socializing\server\services\profile.py:74" - import_profile_from_chrome - INFO - 備份裝置完成

2023-07-16 00:35:00 - server - "C:\Users\User\PycharmProjects\Socializing\main.py:29" - <module> - INFO - 正在啟動伺服器...
2023-07-16 00:35:00 - server - "C:\Users\User\PycharmProjects\Socializing\main.py:30" - <module> - INFO - Document：http://127.0.0.1:34567/docs

2023-07-16 00:35:04 - server - "C:\Users\User\PycharmProjects\Socializing\server\services\profile.py:63" - import_profile_from_chrome - INFO - 備份裝置 => C:\Users\User\AppData\Local\Google\Chrome\User Data\Default
2023-07-16 00:35:04 - server - "C:\Users\User\PycharmProjects\Socializing\server\services\profile.py:74" - import_profile_from_chrome - INFO - 備份裝置完成

2023-07-16 00:35:37 - server - "C:\Users\User\PycharmProjects\Socializing\server\services\profile.py:63" - import_profile_from_chrome - INFO - 備份裝置 => C:\Users\User\AppData\Local\Google\Chrome\User Data\Default
2023-07-16 00:35:37 - server - "C:\Users\User\PycharmProjects\Socializing\server\services\profile.py:74" - import_profile_from_chrome - INFO - 備份裝置完成

2023-07-16 00:36:35 - server - "C:\Users\User\PycharmProjects\Socializing\main.py:29" - <module> - INFO - 正在啟動伺服器...
2023-07-16 00:36:35 - server - "C:\Users\User\PycharmProjects\Socializing\main.py:30" - <module> - INFO - Document：http://127.0.0.1:34567/docs

2023-07-16 00:36:59 - server - "C:\Users\User\PycharmProjects\Socializing\main.py:29" - <module> - INFO - 正在啟動伺服器...
2023-07-16 00:36:59 - server - "C:\Users\User\PycharmProjects\Socializing\main.py:30" - <module> - INFO - Document：http://127.0.0.1:34567/docs

2023-07-16 00:37:01 - server - "C:\Users\User\PycharmProjects\Socializing\server\services\profile.py:64" - import_profile_from_chrome - INFO - 備份裝置 => C:\Users\User\AppData\Local\Google\Chrome\User Data\Default
2023-07-16 00:37:01 - server - "C:\Users\User\PycharmProjects\Socializing\server\services\profile.py:75" - import_profile_from_chrome - INFO - 備份裝置完成

2023-07-16 00:37:49 - server - "C:\Users\User\PycharmProjects\Socializing\main.py:29" - <module> - INFO - 正在啟動伺服器...
2023-07-16 00:37:49 - server - "C:\Users\User\PycharmProjects\Socializing\main.py:30" - <module> - INFO - Document：http://127.0.0.1:34567/docs

2023-07-16 00:37:52 - server - "C:\Users\User\PycharmProjects\Socializing\server\services\profile.py:64" - import_profile_from_chrome - INFO - 備份裝置 => C:\Users\User\AppData\Local\Google\Chrome\User Data\Default
2023-07-16 00:37:52 - server - "C:\Users\User\PycharmProjects\Socializing\server\services\profile.py:75" - import_profile_from_chrome - INFO - 備份裝置完成

2023-07-16 00:38:43 - server - "C:\Users\User\PycharmProjects\Socializing\main.py:29" - <module> - INFO - 正在啟動伺服器...
2023-07-16 00:38:43 - server - "C:\Users\User\PycharmProjects\Socializing\main.py:30" - <module> - INFO - Document：http://127.0.0.1:34567/docs

2023-07-16 00:38:48 - server - "C:\Users\User\PycharmProjects\Socializing\server\services\profile.py:64" - import_profile_from_chrome - INFO - 備份裝置 => C:\Users\User\AppData\Local\Google\Chrome\User Data\Default
2023-07-16 00:38:48 - server - "C:\Users\User\PycharmProjects\Socializing\server\services\profile.py:75" - import_profile_from_chrome - INFO - 備份裝置完成

2023-07-16 00:39:55 - server - "C:\Users\User\PycharmProjects\Socializing\main.py:29" - <module> - INFO - 正在啟動伺服器...
2023-07-16 00:39:55 - server - "C:\Users\User\PycharmProjects\Socializing\main.py:30" - <module> - INFO - Document：http://127.0.0.1:34567/docs

2023-07-16 00:40:01 - server - "C:\Users\User\PycharmProjects\Socializing\server\services\profile.py:64" - import_profile_from_chrome - INFO - 備份裝置 => C:\Users\User\AppData\Local\Google\Chrome\User Data\Default
2023-07-16 00:40:01 - server - "C:\Users\User\PycharmProjects\Socializing\server\services\profile.py:75" - import_profile_from_chrome - INFO - 備份裝置完成

2023-07-16 00:41:48 - server - "C:\Users\User\PycharmProjects\Socializing\main.py:29" - <module> - INFO - 正在啟動伺服器...
2023-07-16 00:41:48 - server - "C:\Users\User\PycharmProjects\Socializing\main.py:30" - <module> - INFO - Document：http://127.0.0.1:34567/docs

2023-07-16 00:41:53 - server - "C:\Users\User\PycharmProjects\Socializing\server\services\profile.py:64" - import_profile_from_chrome - INFO - 備份裝置 => C:\Users\User\AppData\Local\Google\Chrome\User Data\Default
2023-07-16 00:41:53 - server - "C:\Users\User\PycharmProjects\Socializing\server\services\profile.py:75" - import_profile_from_chrome - INFO - 備份裝置完成

2023-07-16 00:44:30 - server - "C:\Users\User\PycharmProjects\Socializing\main.py:29" - <module> - INFO - 正在啟動伺服器...
2023-07-16 00:44:30 - server - "C:\Users\User\PycharmProjects\Socializing\main.py:30" - <module> - INFO - Document：http://127.0.0.1:34567/docs

2023-07-16 00:44:45 - server - "C:\Users\User\PycharmProjects\Socializing\main.py:29" - <module> - INFO - 正在啟動伺服器...
2023-07-16 00:44:45 - server - "C:\Users\User\PycharmProjects\Socializing\main.py:30" - <module> - INFO - Document：http://127.0.0.1:34567/docs

2023-07-16 00:44:47 - server - "C:\Users\User\PycharmProjects\Socializing\server\services\profile.py:64" - import_profile_from_chrome - INFO - 備份裝置 => C:\Users\User\AppData\Local\Google\Chrome\User Data\Default
2023-07-16 00:44:47 - server - "C:\Users\User\PycharmProjects\Socializing\server\services\profile.py:75" - import_profile_from_chrome - INFO - 備份裝置完成
2023-07-16 00:44:47 - server - "C:\Users\User\PycharmProjects\Socializing\server\services\profile.py:155" - import_profile_from_chrome - ERROR - 15
Traceback (most recent call last):
  File "C:\Users\User\PycharmProjects\Socializing\server\services\profile.py", line 79, in import_profile_from_chrome
    server_global.webdrivers[profile_index].create_driver()
KeyError: 15
2023-07-16 00:44:47 - server - "C:\Users\User\PycharmProjects\Socializing\server\services\profile.py:156" - import_profile_from_chrome - ERROR - 備份裝置失敗

2023-07-16 00:45:10 - server - "C:\Users\User\PycharmProjects\Socializing\main.py:29" - <module> - INFO - 正在啟動伺服器...
2023-07-16 00:45:10 - server - "C:\Users\User\PycharmProjects\Socializing\main.py:30" - <module> - INFO - Document：http://127.0.0.1:34567/docs

2023-07-16 00:45:11 - server - "C:\Users\User\PycharmProjects\Socializing\server\services\profile.py:64" - import_profile_from_chrome - INFO - 備份裝置 => C:\Users\User\AppData\Local\Google\Chrome\User Data\Default
2023-07-16 00:45:11 - server - "C:\Users\User\PycharmProjects\Socializing\server\services\profile.py:75" - import_profile_from_chrome - INFO - 備份裝置完成

2023-07-16 00:46:47 - server - "C:\Users\User\PycharmProjects\Socializing\main.py:29" - <module> - INFO - 正在啟動伺服器...
2023-07-16 00:46:47 - server - "C:\Users\User\PycharmProjects\Socializing\main.py:30" - <module> - INFO - Document：http://127.0.0.1:34567/docs

2023-07-16 00:46:49 - server - "C:\Users\User\PycharmProjects\Socializing\server\services\profile.py:65" - import_profile_from_chrome - INFO - 備份裝置 => C:\Users\User\AppData\Local\Google\Chrome\User Data\Default
2023-07-16 00:46:49 - server - "C:\Users\User\PycharmProjects\Socializing\server\services\profile.py:76" - import_profile_from_chrome - INFO - 備份裝置完成

2023-07-16 00:47:05 - server - "C:\Users\User\PycharmProjects\Socializing\main.py:29" - <module> - INFO - 正在啟動伺服器...
2023-07-16 00:47:05 - server - "C:\Users\User\PycharmProjects\Socializing\main.py:30" - <module> - INFO - Document：http://127.0.0.1:34567/docs
2023-07-16 00:47:06 - server - "C:\Users\User\PycharmProjects\Socializing\server\services\profile.py:65" - import_profile_from_chrome - INFO - 備份裝置 => C:\Users\User\AppData\Local\Google\Chrome\User Data\Default
2023-07-16 00:47:06 - server - "C:\Users\User\PycharmProjects\Socializing\server\services\profile.py:76" - import_profile_from_chrome - INFO - 備份裝置完成

2023-07-16 00:48:40 - server - "C:\Users\User\PycharmProjects\Socializing\server\services\profile.py:65" - import_profile_from_chrome - INFO - 備份裝置 => C:\Users\User\AppData\Local\Google\Chrome\User Data\Default
2023-07-16 00:48:40 - server - "C:\Users\User\PycharmProjects\Socializing\server\services\profile.py:76" - import_profile_from_chrome - INFO - 備份裝置完成

2023-07-16 00:49:44 - server - "C:\Users\User\PycharmProjects\Socializing\main.py:29" - <module> - INFO - 正在啟動伺服器...
2023-07-16 00:49:44 - server - "C:\Users\User\PycharmProjects\Socializing\main.py:30" - <module> - INFO - Document：http://127.0.0.1:34567/docs

2023-07-16 00:49:45 - server - "C:\Users\User\PycharmProjects\Socializing\server\services\profile.py:65" - import_profile_from_chrome - INFO - 備份裝置 => C:\Users\User\AppData\Local\Google\Chrome\User Data\Default
2023-07-16 00:49:45 - server - "C:\Users\User\PycharmProjects\Socializing\server\services\profile.py:76" - import_profile_from_chrome - INFO - 備份裝置完成

2023-07-16 00:52:06 - server - "C:\Users\User\PycharmProjects\Socializing\main.py:29" - <module> - INFO - 正在啟動伺服器...
2023-07-16 00:52:06 - server - "C:\Users\User\PycharmProjects\Socializing\main.py:30" - <module> - INFO - Document：http://127.0.0.1:34567/docs

2023-07-16 00:52:49 - server - "C:\Users\User\PycharmProjects\Socializing\main.py:29" - <module> - INFO - 正在啟動伺服器...
2023-07-16 00:52:49 - server - "C:\Users\User\PycharmProjects\Socializing\main.py:30" - <module> - INFO - Document：http://127.0.0.1:34567/docs

2023-07-16 00:55:45 - server - "C:\Users\User\PycharmProjects\Socializing\main.py:29" - <module> - INFO - 正在啟動伺服器...
2023-07-16 00:55:45 - server - "C:\Users\User\PycharmProjects\Socializing\main.py:30" - <module> - INFO - Document：http://127.0.0.1:34567/docs

2023-07-16 00:59:44 - server - "C:\Users\User\PycharmProjects\Socializing\main.py:29" - <module> - INFO - 正在啟動伺服器...
2023-07-16 00:59:44 - server - "C:\Users\User\PycharmProjects\Socializing\main.py:30" - <module> - INFO - Document：http://127.0.0.1:34567/docs

2023-07-16 01:00:00 - server - "C:\Users\User\PycharmProjects\Socializing\main.py:29" - <module> - INFO - 正在啟動伺服器...
2023-07-16 01:00:00 - server - "C:\Users\User\PycharmProjects\Socializing\main.py:30" - <module> - INFO - Document：http://127.0.0.1:34567/docs

2023-07-16 01:01:16 - server - "C:\Users\User\PycharmProjects\Socializing\main.py:29" - <module> - INFO - 正在啟動伺服器...
2023-07-16 01:01:16 - server - "C:\Users\User\PycharmProjects\Socializing\main.py:30" - <module> - INFO - Document：http://127.0.0.1:34567/docs

2023-07-16 01:39:20 - server - "C:\Users\User\PycharmProjects\Socializing\main.py:29" - <module> - INFO - 正在啟動伺服器...
2023-07-16 01:39:20 - server - "C:\Users\User\PycharmProjects\Socializing\main.py:30" - <module> - INFO - Document：http://127.0.0.1:34567/docs

2023-07-16 01:49:49 - server - "C:\Users\User\PycharmProjects\Socializing\main.py:29" - <module> - INFO - 正在啟動伺服器...
2023-07-16 01:49:49 - server - "C:\Users\User\PycharmProjects\Socializing\main.py:30" - <module> - INFO - Document：http://127.0.0.1:34567/docs

2023-07-16 01:51:32 - server - "C:\Users\User\PycharmProjects\Socializing\main.py:29" - <module> - INFO - 正在啟動伺服器...
2023-07-16 01:51:32 - server - "C:\Users\User\PycharmProjects\Socializing\main.py:30" - <module> - INFO - Document：http://127.0.0.1:34567/docs

2023-07-16 09:29:36 - server - "C:\Users\User\PycharmProjects\Socializing\main.py:29" - <module> - INFO - 正在啟動伺服器...
2023-07-16 09:29:36 - server - "C:\Users\User\PycharmProjects\Socializing\main.py:30" - <module> - INFO - Document：http://127.0.0.1:34567/docs

2023-07-16 09:40:51 - server - "C:\Users\User\PycharmProjects\Socializing\main.py:29" - <module> - INFO - 正在啟動伺服器...
2023-07-16 09:40:51 - server - "C:\Users\User\PycharmProjects\Socializing\main.py:30" - <module> - INFO - Document：http://127.0.0.1:34567/docs

2023-07-16 23:35:52 - server - "C:\Users\User\Projects\Socializing\backend\main.py:29" - <module> - INFO - 正在啟動伺服器...
2023-07-16 23:35:52 - server - "C:\Users\User\Projects\Socializing\backend\main.py:30" - <module> - INFO - Document：http://127.0.0.1:34567/docs

2023-07-17 00:38:51 - server - "C:\Users\User\Projects\Socializing\backend\main.py:29" - <module> - INFO - 正在啟動伺服器...
2023-07-17 00:38:51 - server - "C:\Users\User\Projects\Socializing\backend\main.py:30" - <module> - INFO - Document：http://127.0.0.1:34567/docs

